
Class counts:
(array([False,  True]), array([21, 22], dtype=int64))
Threshold: 0.749
 
Selecting the current features
Training and testing models with  all ,  all

Training ONE model... (linSVM)
Best parameters:  {'linearsvc__C': 5.260511699745994}
	F1: 1.0

Testing...

Test Accuracy Score: 0.5384615384615384

Test F1 Score: 0.5
 

Train labels: 
[1 1 0 1 0 1 0 0 1 1 1 1 0 0 0 0 0 1 0 1 0 1 1 1 0 1 0 1 0 0]
[1 1 0 1 0 1 0 0 1 1 1 1 0 0 0 0 0 1 0 1 0 1 1 1 0 1 0 1 0 0]

Test labels: 
[0 0 1 0 1 1 1 0 0 1 1 1 0]
[0 0 1 1 0 1 1 0 0 0 0 0 1]

Cross Validation:
[0.33333333 0.55555556 0.66666667 0.625      0.375     ]
Average CV score: 0.5111111111111111
 

Training ONE model... (SVM)
Best parameters:  {'svc__C': 1.1140689861708335, 'svc__gamma': 0.0884714357196998}
	F1: 1.0

Testing...

Test Accuracy Score: 0.6923076923076923

Test F1 Score: 0.75
 

Train labels: 
[1 1 0 1 0 1 0 0 1 1 1 1 0 0 0 0 0 1 0 1 0 1 1 1 0 1 0 1 0 0]
[1 1 0 1 0 1 0 0 1 1 1 1 0 0 0 0 0 1 0 1 0 1 1 1 0 1 0 1 0 0]

Test labels: 
[0 0 1 0 1 1 1 0 0 1 1 1 0]
[1 0 1 1 1 0 1 0 1 1 1 1 0]

Cross Validation:
[0.44444444 0.55555556 0.55555556 0.5        0.375     ]
Average CV score: 0.48611111111111105
 

Training ONE model... (RF)
Best parameters:  {'randomforestclassifier__n_estimators': 50, 'randomforestclassifier__min_samples_split': 2, 'randomforestclassifier__min_samples_leaf': 2, 'randomforestclassifier__max_depth': 90, 'randomforestclassifier__bootstrap': True}
	F1: 1.0

Testing...

Test Accuracy Score: 0.38461538461538464

Test F1 Score: 0.3333333333333333
 

Train labels: 
[1 1 0 1 0 1 0 0 1 1 1 1 0 0 0 0 0 1 0 1 0 1 1 1 0 1 0 1 0 0]
[1 1 0 1 0 1 0 0 1 1 1 1 0 0 0 0 0 1 0 1 0 1 1 1 0 1 0 1 0 0]

Test labels: 
[0 0 1 0 1 1 1 0 0 1 1 1 0]
[0 1 0 1 0 0 0 0 1 1 0 1 0]

Cross Validation:
[0.33333333 0.66666667 0.77777778 0.625      0.125     ]
Average CV score: 0.5055555555555555
 

Training ONE model... (AdaBoost)
Best parameters:  {'adaboostclassifier__n_estimators': 150, 'adaboostclassifier__learning_rate': 0.2}
	F1: 1.0

Testing...

Test Accuracy Score: 0.38461538461538464

Test F1 Score: 0.42857142857142855
 

Train labels: 
[1 1 0 1 0 1 0 0 1 1 1 1 0 0 0 0 0 1 0 1 0 1 1 1 0 1 0 1 0 0]
[1 1 0 1 0 1 0 0 1 1 1 1 0 0 0 0 0 1 0 1 0 1 1 1 0 1 0 1 0 0]

Test labels: 
[0 0 1 0 1 1 1 0 0 1 1 1 0]
[0 1 1 1 0 0 1 1 1 0 0 1 0]

Cross Validation:
[0.55555556 0.44444444 0.66666667 0.5        0.375     ]
Average CV score: 0.5083333333333333
 

Training ONE model... (LogisticRegression)
Best parameters:  {'logisticregression__C': 1.8876139951476008, 'logisticregression__penalty': 'l2'}
	F1: 1.0

Testing...

Test Accuracy Score: 0.5384615384615384

Test F1 Score: 0.5
 

Train labels: 
[1 1 0 1 0 1 0 0 1 1 1 1 0 0 0 0 0 1 0 1 0 1 1 1 0 1 0 1 0 0]
[1 1 0 1 0 1 0 0 1 1 1 1 0 0 0 0 0 1 0 1 0 1 1 1 0 1 0 1 0 0]

Test labels: 
[0 0 1 0 1 1 1 0 0 1 1 1 0]
[0 0 1 1 0 1 1 0 0 0 0 0 1]

Cross Validation:
[0.22222222 0.44444444 0.33333333 0.625      0.375     ]
Average CV score: 0.4
 
Selecting the current features
Training and testing models with  all ,  ou

Training ONE model... (linSVM)
Best parameters:  {'linearsvc__C': 0.02633756693917113}
	F1: 0.8125

Testing...

Test Accuracy Score: 0.38461538461538464

Test F1 Score: 0.2
 

Train labels: 
[1 1 0 1 0 1 0 0 1 1 1 1 0 0 0 0 0 1 0 1 0 1 1 1 0 1 0 1 0 0]
[1 1 0 1 0 1 0 0 1 1 0 1 1 1 0 0 0 0 1 1 0 1 1 1 0 1 1 1 0 0]

Test labels: 
[0 0 1 0 1 1 1 0 0 1 1 1 0]
[0 0 0 1 0 0 1 1 0 0 0 0 0]

Cross Validation:
[0.22222222 0.77777778 0.55555556 0.375      0.5       ]
Average CV score: 0.48611111111111105
 

Training ONE model... (SVM)
Best parameters:  {'svc__C': 2.847650835093811, 'svc__gamma': 0.2610647406509297}
	F1: 1.0

Testing...

Test Accuracy Score: 0.5384615384615384

Test F1 Score: 0.6250000000000001
 

Train labels: 
[1 1 0 1 0 1 0 0 1 1 1 1 0 0 0 0 0 1 0 1 0 1 1 1 0 1 0 1 0 0]
[1 1 0 1 0 1 0 0 1 1 1 1 0 0 0 0 0 1 0 1 0 1 1 1 0 1 0 1 0 0]

Test labels: 
[0 0 1 0 1 1 1 0 0 1 1 1 0]
[1 0 1 1 1 0 1 1 1 1 1 0 0]

Cross Validation:
[0.55555556 0.55555556 0.55555556 0.25       0.5       ]
Average CV score: 0.4833333333333334
 

Training ONE model... (RF)
Best parameters:  {'randomforestclassifier__n_estimators': 100, 'randomforestclassifier__min_samples_split': 2, 'randomforestclassifier__min_samples_leaf': 4, 'randomforestclassifier__max_depth': 90, 'randomforestclassifier__bootstrap': True}
	F1: 1.0

Testing...

Test Accuracy Score: 0.46153846153846156

Test F1 Score: 0.4615384615384615
 

Train labels: 
[1 1 0 1 0 1 0 0 1 1 1 1 0 0 0 0 0 1 0 1 0 1 1 1 0 1 0 1 0 0]
[1 1 0 1 0 1 0 0 1 1 1 1 0 0 0 0 0 1 0 1 0 1 1 1 0 1 0 1 0 0]

Test labels: 
[0 0 1 0 1 1 1 0 0 1 1 1 0]
[0 1 0 1 0 1 1 0 1 0 0 1 0]

Cross Validation:
[0.44444444 0.55555556 0.55555556 0.625      0.375     ]
Average CV score: 0.5111111111111111
 

Training ONE model... (AdaBoost)
Best parameters:  {'adaboostclassifier__n_estimators': 50, 'adaboostclassifier__learning_rate': 0.1}
	F1: 1.0

Testing...

Test Accuracy Score: 0.38461538461538464

Test F1 Score: 0.42857142857142855
 

Train labels: 
[1 1 0 1 0 1 0 0 1 1 1 1 0 0 0 0 0 1 0 1 0 1 1 1 0 1 0 1 0 0]
[1 1 0 1 0 1 0 0 1 1 1 1 0 0 0 0 0 1 0 1 0 1 1 1 0 1 0 1 0 0]

Test labels: 
[0 0 1 0 1 1 1 0 0 1 1 1 0]
[0 1 1 1 0 0 1 1 1 0 0 1 0]

Cross Validation:
[0.44444444 0.66666667 0.55555556 0.5        0.25      ]
Average CV score: 0.4833333333333334
 

Training ONE model... (LogisticRegression)
Best parameters:  {'logisticregression__C': 4.244519736020595, 'logisticregression__penalty': 'l1'}
	F1: 0.9655172413793104

Testing...

Test Accuracy Score: 0.46153846153846156

Test F1 Score: 0.36363636363636365
 

Train labels: 
[1 1 0 1 0 1 0 0 1 1 1 1 0 0 0 0 0 1 0 1 0 1 1 1 0 1 0 1 0 0]
[1 1 0 1 0 1 0 0 1 1 0 1 0 0 0 0 0 1 0 1 0 1 1 1 0 1 0 1 0 0]

Test labels: 
[0 0 1 0 1 1 1 0 0 1 1 1 0]
[0 0 1 1 0 0 1 0 1 0 0 0 0]

Cross Validation:
[0.22222222 0.44444444 0.55555556 0.375      0.5       ]
Average CV score: 0.41944444444444445
 
Selecting the current features
Training and testing models with  all ,  classic

Training ONE model... (linSVM)
Best parameters:  {'linearsvc__C': 0.48489447422610465}
	F1: 0.8484848484848485

Testing...

Test Accuracy Score: 0.46153846153846156

Test F1 Score: 0.36363636363636365
 

Train labels: 
[1 1 0 1 0 1 0 0 1 1 1 1 0 0 0 0 0 1 0 1 0 1 1 1 0 1 0 1 0 0]
[0 1 0 1 0 1 0 1 1 1 1 1 1 0 1 0 0 1 0 1 0 1 1 1 0 1 1 1 0 0]

Test labels: 
[0 0 1 0 1 1 1 0 0 1 1 1 0]
[0 0 1 1 0 0 1 0 0 0 0 0 1]

Cross Validation:
[0.66666667 0.55555556 0.55555556 0.625      0.5       ]
Average CV score: 0.5805555555555555
 

Training ONE model... (SVM)
Best parameters:  {'svc__C': 0.09342844193744614, 'svc__gamma': 0.007237032712843656}
	F1: 0.7894736842105263

Testing...

Test Accuracy Score: 0.5384615384615384

Test F1 Score: 0.6666666666666665
 

Train labels: 
[1 1 0 1 0 1 0 0 1 1 1 1 0 0 0 0 0 1 0 1 0 1 1 1 0 1 0 1 0 0]
[1 1 0 1 0 1 0 1 1 1 1 1 1 1 1 1 1 1 0 1 1 1 1 1 0 1 1 1 0 0]

Test labels: 
[0 0 1 0 1 1 1 0 0 1 1 1 0]
[0 1 1 1 1 1 1 1 1 0 1 1 1]

Cross Validation:
[0.44444444 0.55555556 0.55555556 0.625      0.75      ]
Average CV score: 0.586111111111111
 

Training ONE model... (RF)
Best parameters:  {'randomforestclassifier__n_estimators': 100, 'randomforestclassifier__min_samples_split': 5, 'randomforestclassifier__min_samples_leaf': 2, 'randomforestclassifier__max_depth': 90, 'randomforestclassifier__bootstrap': True}
	F1: 1.0

Testing...

Test Accuracy Score: 0.46153846153846156

Test F1 Score: 0.36363636363636365
 

Train labels: 
[1 1 0 1 0 1 0 0 1 1 1 1 0 0 0 0 0 1 0 1 0 1 1 1 0 1 0 1 0 0]
[1 1 0 1 0 1 0 0 1 1 1 1 0 0 0 0 0 1 0 1 0 1 1 1 0 1 0 1 0 0]

Test labels: 
[0 0 1 0 1 1 1 0 0 1 1 1 0]
[0 0 1 0 0 0 0 0 1 0 0 1 1]

Cross Validation:
[0.55555556 0.44444444 0.77777778 0.625      0.5       ]
Average CV score: 0.5805555555555555
 

Training ONE model... (AdaBoost)
Best parameters:  {'adaboostclassifier__n_estimators': 100, 'adaboostclassifier__learning_rate': 0.1}
	F1: 1.0

Testing...

Test Accuracy Score: 0.46153846153846156

Test F1 Score: 0.22222222222222224
 

Train labels: 
[1 1 0 1 0 1 0 0 1 1 1 1 0 0 0 0 0 1 0 1 0 1 1 1 0 1 0 1 0 0]
[1 1 0 1 0 1 0 0 1 1 1 1 0 0 0 0 0 1 0 1 0 1 1 1 0 1 0 1 0 0]

Test labels: 
[0 0 1 0 1 1 1 0 0 1 1 1 0]
[0 0 1 0 0 0 0 0 0 0 0 0 1]

Cross Validation:
[0.55555556 0.44444444 0.44444444 0.375      0.625     ]
Average CV score: 0.48888888888888893
 

Training ONE model... (LogisticRegression)
Best parameters:  {'logisticregression__C': 0.7380473006142906, 'logisticregression__penalty': 'l1'}
	F1: 0.7058823529411765

Testing...

Test Accuracy Score: 0.6923076923076923

Test F1 Score: 0.6666666666666666
 

Train labels: 
[1 1 0 1 0 1 0 0 1 1 1 1 0 0 0 0 0 1 0 1 0 1 1 1 0 1 0 1 0 0]
[0 1 0 1 0 1 0 1 1 1 1 0 1 1 1 1 1 1 0 0 0 1 1 1 0 1 1 1 0 0]

Test labels: 
[0 0 1 0 1 1 1 0 0 1 1 1 0]
[0 0 1 0 0 1 1 0 0 0 0 1 1]

Cross Validation:
[0.55555556 0.55555556 0.55555556 0.625      0.5       ]
Average CV score: 0.5583333333333333
 
Selecting the current features
Training and testing models with  fix ,  all

Training ONE model... (linSVM)
Best parameters:  {'linearsvc__C': 0.07717795457380033}
	F1: 0.7333333333333333

Testing...

Test Accuracy Score: 0.3076923076923077

Test F1 Score: 0.18181818181818182
 

Train labels: 
[1 1 0 1 0 1 0 0 1 1 1 1 0 0 0 0 0 1 0 1 0 1 1 1 0 1 0 1 0 0]
[1 0 0 1 0 1 0 0 0 1 0 1 1 1 0 0 0 0 0 1 0 1 1 1 1 1 0 1 1 0]

Test labels: 
[0 0 1 0 1 1 1 0 0 1 1 1 0]
[0 0 1 1 0 0 0 1 0 0 0 0 1]

Cross Validation:
[0.33333333 0.66666667 0.33333333 0.5        0.25      ]
Average CV score: 0.41666666666666663
 

Training ONE model... (SVM)
Best parameters:  {'svc__C': 20.16634140554814, 'svc__gamma': 0.00045128742762685144}
	F1: 0.6976744186046512

Testing...

Test Accuracy Score: 0.5384615384615384

Test F1 Score: 0.6666666666666665
 

Train labels: 
[1 1 0 1 0 1 0 0 1 1 1 1 0 0 0 0 0 1 0 1 0 1 1 1 0 1 0 1 0 0]
[1 1 1 1 1 1 1 0 1 1 1 1 1 1 1 1 1 1 1 1 0 1 1 1 1 1 1 1 1 1]

Test labels: 
[0 0 1 0 1 1 1 0 0 1 1 1 0]
[0 1 0 1 1 1 1 1 1 1 1 1 1]

Cross Validation:
[0.33333333 0.55555556 0.44444444 0.625      0.375     ]
Average CV score: 0.4666666666666666
 

Training ONE model... (RF)
Best parameters:  {'randomforestclassifier__n_estimators': 50, 'randomforestclassifier__min_samples_split': 2, 'randomforestclassifier__min_samples_leaf': 6, 'randomforestclassifier__max_depth': 90, 'randomforestclassifier__bootstrap': True}
	F1: 0.8387096774193549

Testing...

Test Accuracy Score: 0.23076923076923078

Test F1 Score: 0.0
 

Train labels: 
[1 1 0 1 0 1 0 0 1 1 1 1 0 0 0 0 0 1 0 1 0 1 1 1 0 1 0 1 0 0]
[0 1 0 1 0 1 1 0 1 0 1 1 0 0 0 1 0 1 0 1 0 1 1 1 1 1 0 1 0 0]

Test labels: 
[0 0 1 0 1 1 1 0 0 1 1 1 0]
[0 0 0 0 0 0 0 1 1 0 0 0 1]

Cross Validation:
[0.55555556 0.55555556 0.44444444 0.375      0.25      ]
Average CV score: 0.43611111111111106
 

Training ONE model... (AdaBoost)
Best parameters:  {'adaboostclassifier__n_estimators': 50, 'adaboostclassifier__learning_rate': 0.2}
	F1: 1.0

Testing...

Test Accuracy Score: 0.3076923076923077

Test F1 Score: 0.30769230769230765
 

Train labels: 
[1 1 0 1 0 1 0 0 1 1 1 1 0 0 0 0 0 1 0 1 0 1 1 1 0 1 0 1 0 0]
[1 1 0 1 0 1 0 0 1 1 1 1 0 0 0 0 0 1 0 1 0 1 1 1 0 1 0 1 0 0]

Test labels: 
[0 0 1 0 1 1 1 0 0 1 1 1 0]
[1 1 0 1 0 1 0 0 0 0 1 0 1]

Cross Validation:
[0.33333333 0.55555556 0.44444444 0.625      0.25      ]
Average CV score: 0.4416666666666666
 

Training ONE model... (LogisticRegression)
Best parameters:  {'logisticregression__C': 0.7363419544523505, 'logisticregression__penalty': 'l2'}
	F1: 0.7333333333333333

Testing...

Test Accuracy Score: 0.3076923076923077

Test F1 Score: 0.18181818181818182
 

Train labels: 
[1 1 0 1 0 1 0 0 1 1 1 1 0 0 0 0 0 1 0 1 0 1 1 1 0 1 0 1 0 0]
[1 0 0 1 0 1 0 0 0 1 0 1 1 1 0 0 0 0 0 1 0 1 1 1 1 1 0 1 1 0]

Test labels: 
[0 0 1 0 1 1 1 0 0 1 1 1 0]
[0 0 1 1 0 0 0 1 0 0 0 0 1]

Cross Validation:
[0.44444444 0.55555556 0.33333333 0.5        0.375     ]
Average CV score: 0.4416666666666666
 
Selecting the current features
Training and testing models with  fix ,  ou

Training ONE model... (linSVM)
Best parameters:  {'linearsvc__C': 13.671041468912769}
	F1: 0.9285714285714286

Testing...

Test Accuracy Score: 0.23076923076923078

Test F1 Score: 0.375
 

Train labels: 
[1 1 0 1 0 1 0 0 1 1 1 1 0 0 0 0 0 1 0 1 0 1 1 1 0 1 0 1 0 0]
[1 1 0 1 0 1 0 0 1 1 0 1 0 0 0 0 0 0 0 1 0 1 1 1 0 1 0 1 0 0]

Test labels: 
[0 0 1 0 1 1 1 0 0 1 1 1 0]
[1 1 0 1 0 1 0 1 1 0 1 1 1]

Cross Validation:
[0.44444444 0.33333333 0.22222222 0.375      0.25      ]
Average CV score: 0.325
 

Training ONE model... (SVM)
Best parameters:  {'svc__C': 1.9717680463062464, 'svc__gamma': 0.0023913100469734575}
	F1: 0.6976744186046512

Testing...

Test Accuracy Score: 0.5384615384615384

Test F1 Score: 0.6666666666666665
 

Train labels: 
[1 1 0 1 0 1 0 0 1 1 1 1 0 0 0 0 0 1 0 1 0 1 1 1 0 1 0 1 0 0]
[1 1 1 1 1 1 1 0 1 1 1 1 1 1 1 1 1 1 1 1 0 1 1 1 1 1 1 1 1 1]

Test labels: 
[0 0 1 0 1 1 1 0 0 1 1 1 0]
[0 1 0 1 1 1 1 1 1 1 1 1 1]

Cross Validation:
[0.44444444 0.44444444 0.55555556 0.5        0.5       ]
Average CV score: 0.48888888888888893
 

Training ONE model... (RF)
Best parameters:  {'randomforestclassifier__n_estimators': 50, 'randomforestclassifier__min_samples_split': 2, 'randomforestclassifier__min_samples_leaf': 6, 'randomforestclassifier__max_depth': 90, 'randomforestclassifier__bootstrap': True}
	F1: 0.7741935483870969

Testing...

Test Accuracy Score: 0.3076923076923077

Test F1 Score: 0.30769230769230765
 

Train labels: 
[1 1 0 1 0 1 0 0 1 1 1 1 0 0 0 0 0 1 0 1 0 1 1 1 0 1 0 1 0 0]
[0 1 1 1 0 1 0 0 1 0 1 1 0 1 0 1 0 0 0 1 0 1 1 1 1 1 0 1 0 0]

Test labels: 
[0 0 1 0 1 1 1 0 0 1 1 1 0]
[0 0 0 1 0 1 0 1 1 0 0 1 1]

Cross Validation:
[0.44444444 0.44444444 0.44444444 0.625      0.        ]
Average CV score: 0.39166666666666666
 

Training ONE model... (AdaBoost)
Best parameters:  {'adaboostclassifier__n_estimators': 50, 'adaboostclassifier__learning_rate': 0.01}
	F1: 0.8571428571428571

Testing...

Test Accuracy Score: 0.3076923076923077

Test F1 Score: 0.0
 

Train labels: 
[1 1 0 1 0 1 0 0 1 1 1 1 0 0 0 0 0 1 0 1 0 1 1 1 0 1 0 1 0 0]
[0 1 0 1 0 1 0 0 1 0 0 1 0 0 0 0 0 1 1 1 0 1 1 1 0 1 0 1 0 0]

Test labels: 
[0 0 1 0 1 1 1 0 0 1 1 1 0]
[0 0 0 1 0 0 0 1 0 0 0 0 0]

Cross Validation:
[0.44444444 0.55555556 0.66666667 0.625      0.25      ]
Average CV score: 0.5083333333333333
 

Training ONE model... (LogisticRegression)
Best parameters:  {'logisticregression__C': 0.5241933394743176, 'logisticregression__penalty': 'l1'}
	F1: 0.5806451612903225

Testing...

Test Accuracy Score: 0.46153846153846156

Test F1 Score: 0.4615384615384615
 

Train labels: 
[1 1 0 1 0 1 0 0 1 1 1 1 0 0 0 0 0 1 0 1 0 1 1 1 0 1 0 1 0 0]
[0 1 1 1 0 1 1 0 1 0 0 1 0 1 0 1 0 0 1 0 0 1 1 1 1 0 1 1 0 0]

Test labels: 
[0 0 1 0 1 1 1 0 0 1 1 1 0]
[0 0 0 1 0 1 0 0 1 1 0 1 1]

Cross Validation:
[0.33333333 0.33333333 0.33333333 0.625      0.25      ]
Average CV score: 0.375
 
Selecting the current features
Training and testing models with  fix ,  classic

Training ONE model... (linSVM)
Best parameters:  {'linearsvc__C': 0.004678688061587145}
	F1: 0.6666666666666666

Testing...

Test Accuracy Score: 0.46153846153846156

Test F1 Score: 0.36363636363636365
 

Train labels: 
[1 1 0 1 0 1 0 0 1 1 1 1 0 0 0 0 0 1 0 1 0 1 1 1 0 1 0 1 0 0]
[0 1 0 1 0 1 0 1 0 1 1 0 1 0 1 1 0 1 0 0 0 1 1 1 1 1 0 1 1 1]

Test labels: 
[0 0 1 0 1 1 1 0 0 1 1 1 0]
[0 0 1 0 1 0 0 1 0 0 0 0 1]

Cross Validation:
[0.44444444 0.66666667 0.33333333 0.75       0.625     ]
Average CV score: 0.5638888888888889
 

Training ONE model... (SVM)
Best parameters:  {'svc__C': 4.884154436305384, 'svc__gamma': 0.08552502684231106}
	F1: 0.6875

Testing...

Test Accuracy Score: 0.46153846153846156

Test F1 Score: 0.36363636363636365
 

Train labels: 
[1 1 0 1 0 1 0 0 1 1 1 1 0 0 0 0 0 1 0 1 0 1 1 1 0 1 0 1 0 0]
[0 1 0 1 0 1 0 1 0 1 1 0 1 0 1 0 0 1 0 0 0 1 1 1 1 1 0 1 1 1]

Test labels: 
[0 0 1 0 1 1 1 0 0 1 1 1 0]
[0 0 1 0 1 0 0 1 0 0 0 0 1]

Cross Validation:
[0.44444444 0.55555556 0.33333333 0.5        0.375     ]
Average CV score: 0.4416666666666666
 

Training ONE model... (RF)
Best parameters:  {'randomforestclassifier__n_estimators': 50, 'randomforestclassifier__min_samples_split': 2, 'randomforestclassifier__min_samples_leaf': 6, 'randomforestclassifier__max_depth': 90, 'randomforestclassifier__bootstrap': True}
	F1: 0.6206896551724138

Testing...

Test Accuracy Score: 0.46153846153846156

Test F1 Score: 0.36363636363636365
 

Train labels: 
[1 1 0 1 0 1 0 0 1 1 1 1 0 0 0 0 0 1 0 1 0 1 1 1 0 1 0 1 0 0]
[0 1 0 1 0 0 0 1 0 1 1 0 1 0 1 0 0 1 0 0 0 1 1 0 1 1 0 1 1 0]

Test labels: 
[0 0 1 0 1 1 1 0 0 1 1 1 0]
[0 0 1 0 1 0 0 1 0 0 0 0 1]

Cross Validation:
[0.44444444 0.44444444 0.22222222 0.5        0.625     ]
Average CV score: 0.44722222222222224
 

Training ONE model... (AdaBoost)
Best parameters:  {'adaboostclassifier__n_estimators': 100, 'adaboostclassifier__learning_rate': 0.1}
	F1: 0.888888888888889

Testing...

Test Accuracy Score: 0.23076923076923078

Test F1 Score: 0.2857142857142857
 

Train labels: 
[1 1 0 1 0 1 0 0 1 1 1 1 0 0 0 0 0 1 0 1 0 1 1 1 0 1 0 1 0 0]
[1 0 0 1 0 1 0 0 1 1 1 1 0 0 0 0 0 1 0 0 0 1 1 0 0 1 0 1 0 0]

Test labels: 
[0 0 1 0 1 1 1 0 0 1 1 1 0]
[1 1 1 1 0 0 0 1 0 0 1 0 1]

Cross Validation:
[0.33333333 0.55555556 0.44444444 0.375      0.25      ]
Average CV score: 0.39166666666666666
 

Training ONE model... (LogisticRegression)
Best parameters:  {'logisticregression__C': 0.03852700393042693, 'logisticregression__penalty': 'l2'}
	F1: 0.6666666666666666

Testing...

Test Accuracy Score: 0.46153846153846156

Test F1 Score: 0.36363636363636365
 

Train labels: 
[1 1 0 1 0 1 0 0 1 1 1 1 0 0 0 0 0 1 0 1 0 1 1 1 0 1 0 1 0 0]
[0 1 0 1 0 1 0 1 0 1 1 0 1 0 1 1 0 1 0 0 0 1 1 1 1 1 0 1 1 1]

Test labels: 
[0 0 1 0 1 1 1 0 0 1 1 1 0]
[0 0 1 0 1 0 0 1 0 0 0 0 1]

Cross Validation:
[0.44444444 0.66666667 0.33333333 0.75       0.625     ]
Average CV score: 0.5638888888888889
 
Selecting the current features
Training and testing models with  sac ,  all

Training ONE model... (linSVM)
Best parameters:  {'linearsvc__C': 0.7215784584656305}
	F1: 0.9375

Testing...

Test Accuracy Score: 0.6923076923076923

Test F1 Score: 0.7142857142857143
 

Train labels: 
[1 1 0 1 0 1 0 0 1 1 1 1 0 0 0 0 0 1 0 1 0 1 1 1 0 1 0 1 0 0]
[1 1 0 1 0 1 0 0 1 1 1 1 0 0 0 0 0 1 1 1 0 1 1 1 0 1 1 1 0 0]

Test labels: 
[0 0 1 0 1 1 1 0 0 1 1 1 0]
[1 0 1 0 0 1 1 0 0 0 1 1 1]

Cross Validation:
[0.44444444 0.44444444 0.55555556 0.5        0.375     ]
Average CV score: 0.4638888888888889
 

Training ONE model... (SVM)
Best parameters:  {'svc__C': 7.882115514953291, 'svc__gamma': 0.012567759613149182}
	F1: 0.967741935483871

Testing...

Test Accuracy Score: 0.6153846153846154

Test F1 Score: 0.6153846153846153
 

Train labels: 
[1 1 0 1 0 1 0 0 1 1 1 1 0 0 0 0 0 1 0 1 0 1 1 1 0 1 0 1 0 0]
[1 1 0 1 0 1 0 0 1 1 1 1 0 0 0 1 0 1 0 1 0 1 1 1 0 1 0 1 0 0]

Test labels: 
[0 0 1 0 1 1 1 0 0 1 1 1 0]
[0 0 1 1 0 0 1 0 0 0 1 1 1]

Cross Validation:
[0.44444444 0.44444444 0.88888889 0.5        0.5       ]
Average CV score: 0.5555555555555556
 

Training ONE model... (RF)
Best parameters:  {'randomforestclassifier__n_estimators': 50, 'randomforestclassifier__min_samples_split': 2, 'randomforestclassifier__min_samples_leaf': 2, 'randomforestclassifier__max_depth': 90, 'randomforestclassifier__bootstrap': True}
	F1: 1.0

Testing...

Test Accuracy Score: 0.38461538461538464

Test F1 Score: 0.3333333333333333
 

Train labels: 
[1 1 0 1 0 1 0 0 1 1 1 1 0 0 0 0 0 1 0 1 0 1 1 1 0 1 0 1 0 0]
[1 1 0 1 0 1 0 0 1 1 1 1 0 0 0 0 0 1 0 1 0 1 1 1 0 1 0 1 0 0]

Test labels: 
[0 0 1 0 1 1 1 0 0 1 1 1 0]
[0 0 0 1 1 0 0 1 1 1 0 0 0]

Cross Validation:
[0.44444444 0.44444444 0.88888889 0.5        0.375     ]
Average CV score: 0.5305555555555556
 

Training ONE model... (AdaBoost)
Best parameters:  {'adaboostclassifier__n_estimators': 100, 'adaboostclassifier__learning_rate': 0.1}
	F1: 1.0

Testing...

Test Accuracy Score: 0.46153846153846156

Test F1 Score: 0.588235294117647
 

Train labels: 
[1 1 0 1 0 1 0 0 1 1 1 1 0 0 0 0 0 1 0 1 0 1 1 1 0 1 0 1 0 0]
[1 1 0 1 0 1 0 0 1 1 1 1 0 0 0 0 0 1 0 1 0 1 1 1 0 1 0 1 0 0]

Test labels: 
[0 0 1 0 1 1 1 0 0 1 1 1 0]
[0 1 1 1 0 1 0 1 1 1 1 1 1]

Cross Validation:
[0.55555556 0.44444444 0.66666667 0.5        0.25      ]
Average CV score: 0.4833333333333333
 

Training ONE model... (LogisticRegression)
Best parameters:  {'logisticregression__C': 5.140235842852452, 'logisticregression__penalty': 'l1'}
	F1: 0.9375

Testing...

Test Accuracy Score: 0.6153846153846154

Test F1 Score: 0.6153846153846153
 

Train labels: 
[1 1 0 1 0 1 0 0 1 1 1 1 0 0 0 0 0 1 0 1 0 1 1 1 0 1 0 1 0 0]
[1 1 0 1 0 1 0 0 1 1 1 1 0 0 0 0 0 1 1 1 0 1 1 1 0 1 1 1 0 0]

Test labels: 
[0 0 1 0 1 1 1 0 0 1 1 1 0]
[1 0 0 0 0 1 1 0 0 0 1 1 1]

Cross Validation:
[0.55555556 0.55555556 0.33333333 0.5        0.375     ]
Average CV score: 0.4638888888888889
 
Selecting the current features
Training and testing models with  sac ,  ou

Training ONE model... (linSVM)
Best parameters:  {'linearsvc__C': 0.3324276385790814}
	F1: 0.8275862068965518

Testing...

Test Accuracy Score: 0.38461538461538464

Test F1 Score: 0.3333333333333333
 

Train labels: 
[1 1 0 1 0 1 0 0 1 1 1 1 0 0 0 0 0 1 0 1 0 1 1 1 0 1 0 1 0 0]
[1 1 0 1 0 1 1 0 1 1 0 0 0 0 0 0 0 1 1 1 0 1 0 1 0 1 0 1 0 0]

Test labels: 
[0 0 1 0 1 1 1 0 0 1 1 1 0]
[0 0 0 1 0 0 1 1 0 1 0 0 1]

Cross Validation:
[0.33333333 0.22222222 0.55555556 0.5        0.125     ]
Average CV score: 0.3472222222222222
 

Training ONE model... (SVM)
Best parameters:  {'svc__C': 3.5366625506683373, 'svc__gamma': 0.45333107793403465}
	F1: 1.0

Testing...

Test Accuracy Score: 0.46153846153846156

Test F1 Score: 0.588235294117647
 

Train labels: 
[1 1 0 1 0 1 0 0 1 1 1 1 0 0 0 0 0 1 0 1 0 1 1 1 0 1 0 1 0 0]
[1 1 0 1 0 1 0 0 1 1 1 1 0 0 0 0 0 1 0 1 0 1 1 1 0 1 0 1 0 0]

Test labels: 
[0 0 1 0 1 1 1 0 0 1 1 1 0]
[1 0 1 1 1 0 1 1 1 1 1 0 1]

Cross Validation:
[0.44444444 0.33333333 0.55555556 0.375      0.5       ]
Average CV score: 0.4416666666666666
 

Training ONE model... (RF)
Best parameters:  {'randomforestclassifier__n_estimators': 50, 'randomforestclassifier__min_samples_split': 2, 'randomforestclassifier__min_samples_leaf': 6, 'randomforestclassifier__max_depth': 90, 'randomforestclassifier__bootstrap': True}
	F1: 0.8000000000000002

Testing...

Test Accuracy Score: 0.38461538461538464

Test F1 Score: 0.3333333333333333
 

Train labels: 
[1 1 0 1 0 1 0 0 1 1 1 1 0 0 0 0 0 1 0 1 0 1 1 1 0 1 0 1 0 0]
[1 0 0 1 0 1 1 0 1 1 0 1 0 0 1 0 0 0 0 1 1 1 1 1 0 1 0 1 0 0]

Test labels: 
[0 0 1 0 1 1 1 0 0 1 1 1 0]
[0 0 0 1 0 0 1 1 1 1 0 0 0]

Cross Validation:
[0.55555556 0.55555556 0.55555556 0.375      0.5       ]
Average CV score: 0.5083333333333334
 

Training ONE model... (AdaBoost)
Best parameters:  {'adaboostclassifier__n_estimators': 150, 'adaboostclassifier__learning_rate': 0.2}
	F1: 1.0

Testing...

Test Accuracy Score: 0.38461538461538464

Test F1 Score: 0.42857142857142855
 

Train labels: 
[1 1 0 1 0 1 0 0 1 1 1 1 0 0 0 0 0 1 0 1 0 1 1 1 0 1 0 1 0 0]
[1 1 0 1 0 1 0 0 1 1 1 1 0 0 0 0 0 1 0 1 0 1 1 1 0 1 0 1 0 0]

Test labels: 
[0 0 1 0 1 1 1 0 0 1 1 1 0]
[0 1 1 1 0 0 1 1 0 1 0 0 1]

Cross Validation:
[0.66666667 0.33333333 0.55555556 0.5        0.375     ]
Average CV score: 0.48611111111111105
 

Training ONE model... (LogisticRegression)
Best parameters:  {'logisticregression__C': 2.6438773092430634, 'logisticregression__penalty': 'l2'}
	F1: 0.8000000000000002

Testing...

Test Accuracy Score: 0.38461538461538464

Test F1 Score: 0.3333333333333333
 

Train labels: 
[1 1 0 1 0 1 0 0 1 1 1 1 0 0 0 0 0 1 0 1 0 1 1 1 0 1 0 1 0 0]
[1 1 1 1 0 1 1 0 1 1 0 0 0 0 0 0 0 1 1 1 0 1 0 1 0 1 0 1 0 0]

Test labels: 
[0 0 1 0 1 1 1 0 0 1 1 1 0]
[0 0 0 1 0 0 1 1 0 1 0 0 1]

Cross Validation:
[0.33333333 0.33333333 0.66666667 0.375      0.5       ]
Average CV score: 0.4416666666666666
 
Selecting the current features
Training and testing models with  sac ,  classic

Training ONE model... (linSVM)
Best parameters:  {'linearsvc__C': 30.874646589427464}
	F1: 0.8387096774193549

Testing...

Test Accuracy Score: 0.5384615384615384

Test F1 Score: 0.5714285714285714
 

Train labels: 
[1 1 0 1 0 1 0 0 1 1 1 1 0 0 0 0 0 1 0 1 0 1 1 1 0 1 0 1 0 0]
[0 1 1 1 0 1 0 0 1 1 1 1 0 0 0 0 1 1 0 1 0 1 1 1 0 0 1 1 0 0]

Test labels: 
[0 0 1 0 1 1 1 0 0 1 1 1 0]
[0 1 1 1 0 1 0 0 0 0 1 1 1]

Cross Validation:
[0.55555556 0.33333333 0.44444444 0.5        0.375     ]
Average CV score: 0.4416666666666666
 

Training ONE model... (SVM)
Best parameters:  {'svc__C': 2.220214531794074, 'svc__gamma': 0.3788036224834532}
	F1: 1.0

Testing...

Test Accuracy Score: 0.46153846153846156

Test F1 Score: 0.4615384615384615
 

Train labels: 
[1 1 0 1 0 1 0 0 1 1 1 1 0 0 0 0 0 1 0 1 0 1 1 1 0 1 0 1 0 0]
[1 1 0 1 0 1 0 0 1 1 1 1 0 0 0 0 0 1 0 1 0 1 1 1 0 1 0 1 0 0]

Test labels: 
[0 0 1 0 1 1 1 0 0 1 1 1 0]
[1 0 1 0 0 0 0 0 1 0 1 1 1]

Cross Validation:
[0.33333333 0.44444444 0.77777778 0.375      0.375     ]
Average CV score: 0.4611111111111111
 

Training ONE model... (RF)
Best parameters:  {'randomforestclassifier__n_estimators': 150, 'randomforestclassifier__min_samples_split': 5, 'randomforestclassifier__min_samples_leaf': 2, 'randomforestclassifier__max_depth': 90, 'randomforestclassifier__bootstrap': True}
	F1: 1.0

Testing...

Test Accuracy Score: 0.6153846153846154

Test F1 Score: 0.7058823529411764
 

Train labels: 
[1 1 0 1 0 1 0 0 1 1 1 1 0 0 0 0 0 1 0 1 0 1 1 1 0 1 0 1 0 0]
[1 1 0 1 0 1 0 0 1 1 1 1 0 0 0 0 0 1 0 1 0 1 1 1 0 1 0 1 0 0]

Test labels: 
[0 0 1 0 1 1 1 0 0 1 1 1 0]
[0 1 1 0 1 1 0 1 1 1 1 1 1]

Cross Validation:
[0.44444444 0.33333333 0.55555556 0.5        0.75      ]
Average CV score: 0.5166666666666666
 

Training ONE model... (AdaBoost)
Best parameters:  {'adaboostclassifier__n_estimators': 150, 'adaboostclassifier__learning_rate': 0.2}
	F1: 1.0

Testing...

Test Accuracy Score: 0.38461538461538464

Test F1 Score: 0.42857142857142855
 

Train labels: 
[1 1 0 1 0 1 0 0 1 1 1 1 0 0 0 0 0 1 0 1 0 1 1 1 0 1 0 1 0 0]
[1 1 0 1 0 1 0 0 1 1 1 1 0 0 0 0 0 1 0 1 0 1 1 1 0 1 0 1 0 0]

Test labels: 
[0 0 1 0 1 1 1 0 0 1 1 1 0]
[0 1 1 1 1 0 0 0 1 1 0 0 1]

Cross Validation:
[0.55555556 0.44444444 0.33333333 0.5        0.5       ]
Average CV score: 0.4666666666666666
 

Training ONE model... (LogisticRegression)
Best parameters:  {'logisticregression__C': 0.8693240819841169, 'logisticregression__penalty': 'l1'}
	F1: 0.7500000000000001

Testing...

Test Accuracy Score: 0.8461538461538461

Test F1 Score: 0.8571428571428571
 

Train labels: 
[1 1 0 1 0 1 0 0 1 1 1 1 0 0 0 0 0 1 0 1 0 1 1 1 0 1 0 1 0 0]
[0 1 1 1 0 1 0 1 1 1 0 1 0 0 1 0 0 1 0 0 0 1 1 1 1 1 1 1 0 0]

Test labels: 
[0 0 1 0 1 1 1 0 0 1 1 1 0]
[0 0 1 0 0 1 1 0 0 1 1 1 1]

Cross Validation:
[0.55555556 0.44444444 0.55555556 0.5        0.5       ]
Average CV score: 0.5111111111111111
 
Selecting the current features
Training and testing models with  pupil ,  _

Training ONE model... (linSVM)
Best parameters:  {'linearsvc__C': 0.2341633628702231}
	F1: 0.5714285714285715

Testing...

Test Accuracy Score: 0.46153846153846156

Test F1 Score: 0.5333333333333333
 

Train labels: 
[1 1 0 1 0 1 0 0 1 1 1 1 0 0 0 0 0 1 0 1 0 1 1 1 0 1 0 1 0 0]
[1 1 0 1 0 0 0 1 1 1 0 0 1 1 1 0 1 1 1 0 1 1 1 1 0 1 1 0 1 1]

Test labels: 
[0 0 1 0 1 1 1 0 0 1 1 1 0]
[0 1 1 1 1 0 1 0 1 0 0 1 1]

Cross Validation:
[0.22222222 0.44444444 0.55555556 0.5        0.5       ]
Average CV score: 0.4444444444444445
 

Training ONE model... (SVM)
Best parameters:  {'svc__C': 28.60674160807701, 'svc__gamma': 0.03197400985552183}
	F1: 0.6842105263157895

Testing...

Test Accuracy Score: 0.46153846153846156

Test F1 Score: 0.5333333333333333
 

Train labels: 
[1 1 0 1 0 1 0 0 1 1 1 1 0 0 0 0 0 1 0 1 0 1 1 1 0 1 0 1 0 0]
[1 1 0 1 0 0 0 1 1 1 0 1 1 1 1 0 1 1 1 1 1 1 1 1 0 1 1 1 1 1]

Test labels: 
[0 0 1 0 1 1 1 0 0 1 1 1 0]
[0 1 1 1 1 0 1 0 1 0 0 1 1]

Cross Validation:
[0.22222222 0.77777778 0.55555556 0.5        0.625     ]
Average CV score: 0.5361111111111111
 

Training ONE model... (RF)
Best parameters:  {'randomforestclassifier__n_estimators': 50, 'randomforestclassifier__min_samples_split': 2, 'randomforestclassifier__min_samples_leaf': 4, 'randomforestclassifier__max_depth': 90, 'randomforestclassifier__bootstrap': True}
	F1: 0.8275862068965518

Testing...

Test Accuracy Score: 0.5384615384615384

Test F1 Score: 0.4
 

Train labels: 
[1 1 0 1 0 1 0 0 1 1 1 1 0 0 0 0 0 1 0 1 0 1 1 1 0 1 0 1 0 0]
[1 1 0 1 0 0 0 0 1 1 0 1 0 0 0 0 0 1 0 0 1 1 1 1 0 1 0 1 0 1]

Test labels: 
[0 0 1 0 1 1 1 0 0 1 1 1 0]
[0 0 1 0 0 0 1 0 0 0 0 0 1]

Cross Validation:
[0.55555556 0.33333333 0.66666667 0.625      0.375     ]
Average CV score: 0.5111111111111111
 

Training ONE model... (AdaBoost)
Best parameters:  {'adaboostclassifier__n_estimators': 100, 'adaboostclassifier__learning_rate': 0.01}
	F1: 0.8000000000000002

Testing...

Test Accuracy Score: 0.5384615384615384

Test F1 Score: 0.4
 

Train labels: 
[1 1 0 1 0 1 0 0 1 1 1 1 0 0 0 0 0 1 0 1 0 1 1 1 0 1 0 1 0 0]
[1 1 0 1 0 0 0 0 1 1 0 1 0 1 0 0 0 1 0 0 1 1 1 1 0 1 0 1 0 1]

Test labels: 
[0 0 1 0 1 1 1 0 0 1 1 1 0]
[0 0 1 0 0 0 1 0 0 0 0 0 1]

Cross Validation:
[0.55555556 0.77777778 0.55555556 0.5        0.5       ]
Average CV score: 0.5777777777777778
 

Training ONE model... (LogisticRegression)
Best parameters:  {'logisticregression__C': 1.5253500587602733, 'logisticregression__penalty': 'l2'}
	F1: 0.611111111111111

Testing...

Test Accuracy Score: 0.46153846153846156

Test F1 Score: 0.5333333333333333
 

Train labels: 
[1 1 0 1 0 1 0 0 1 1 1 1 0 0 0 0 0 1 0 1 0 1 1 1 0 1 0 1 0 0]
[1 1 0 1 0 0 0 1 1 1 0 0 1 1 1 0 1 1 1 0 1 1 1 1 0 1 1 1 1 1]

Test labels: 
[0 0 1 0 1 1 1 0 0 1 1 1 0]
[0 1 1 1 1 0 1 0 1 0 0 1 1]

Cross Validation:
[0.33333333 0.44444444 0.66666667 0.5        0.5       ]
Average CV score: 0.4888888888888888
 
