
Class counts:
(array([False,  True]), array([21, 22]))
Threshold: 0.749
 
Selecting the current features
Training and testing models with  all ,  all

Training ONE model... (linSVM)
Best parameters:  {'linearsvc__C': 7.108857168953653}
	F1: 1.0

Testing...

Test Accuracy Score: 0.5384615384615384

Test F1 Score: 0.5
 

Train labels: 
[1 1 0 1 0 1 0 0 1 1 1 1 0 0 0 0 0 1 0 1 0 1 1 1 0 1 0 1 0 0]
[1 1 0 1 0 1 0 0 1 1 1 1 0 0 0 0 0 1 0 1 0 1 1 1 0 1 0 1 0 0]

Test labels: 
[0 0 1 0 1 1 1 0 0 1 1 1 0]
[0 0 1 1 0 1 1 0 0 0 0 0 1]

Cross Validation:
[0.33333333 0.         0.66666667 0.         0.5        0.5
 0.         1.         0.5        1.         0.         0.5
 0.5        1.         0.5        0.5        0.5        0.
 0.5        0.5       ]
Average CV score: 0.45
 

Training ONE model... (SVM)
Best parameters:  {'svc__C': 1.0546473599767445, 'svc__gamma': 0.08989843345954501}
	F1: 1.0

Testing...

Test Accuracy Score: 0.6923076923076923

Test F1 Score: 0.75
 

Train labels: 
[1 1 0 1 0 1 0 0 1 1 1 1 0 0 0 0 0 1 0 1 0 1 1 1 0 1 0 1 0 0]
[1 1 0 1 0 1 0 0 1 1 1 1 0 0 0 0 0 1 0 1 0 1 1 1 0 1 0 1 0 0]

Test labels: 
[0 0 1 0 1 1 1 0 0 1 1 1 0]
[1 0 1 1 1 0 1 0 1 1 1 1 0]

Cross Validation:
[0.33333333 0.         0.66666667 0.5        0.         0.5
 0.         0.5        0.5        0.5        0.         0.5
 0.5        0.5        0.5        0.5        0.5        0.
 0.5        0.5       ]
Average CV score: 0.375
 

Training ONE model... (RF)
Best parameters:  {'randomforestclassifier__n_estimators': 50, 'randomforestclassifier__min_samples_split': 2, 'randomforestclassifier__min_samples_leaf': 2, 'randomforestclassifier__max_depth': 90, 'randomforestclassifier__bootstrap': True}
	F1: 1.0

Testing...

Test Accuracy Score: 0.38461538461538464

Test F1 Score: 0.3333333333333333
 

Train labels: 
[1 1 0 1 0 1 0 0 1 1 1 1 0 0 0 0 0 1 0 1 0 1 1 1 0 1 0 1 0 0]
[1 1 0 1 0 1 0 0 1 1 1 1 0 0 0 0 0 1 0 1 0 1 1 1 0 1 0 1 0 0]

Test labels: 
[0 0 1 0 1 1 1 0 0 1 1 1 0]
[0 1 0 1 0 0 0 0 1 1 0 1 0]

Cross Validation:
[0.66666667 0.33333333 0.33333333 0.5        0.5        0.5
 0.5        0.5        1.         0.5        0.         0.5
 0.         0.5        0.         1.         0.         0.
 0.5        0.5       ]
Average CV score: 0.41666666666666663
 

Training ONE model... (AdaBoost)
Best parameters:  {'adaboostclassifier__n_estimators': 100, 'adaboostclassifier__learning_rate': 0.2}
	F1: 1.0

Testing...

Test Accuracy Score: 0.3076923076923077

Test F1 Score: 0.30769230769230765
 

Train labels: 
[1 1 0 1 0 1 0 0 1 1 1 1 0 0 0 0 0 1 0 1 0 1 1 1 0 1 0 1 0 0]
[1 1 0 1 0 1 0 0 1 1 1 1 0 0 0 0 0 1 0 1 0 1 1 1 0 1 0 1 0 0]

Test labels: 
[0 0 1 0 1 1 1 0 0 1 1 1 0]
[0 1 0 1 0 0 1 1 1 0 0 1 0]

Cross Validation:
[0.         0.33333333 0.66666667 0.5        0.5        0.5
 0.         1.         0.5        0.5        0.5        0.5
 1.         0.         0.         1.         0.         0.
 0.5        0.        ]
Average CV score: 0.4
 

Training ONE model... (LogisticRegression)
Best parameters:  {'logisticregression__C': 0.2617190757052554, 'logisticregression__penalty': 'l2'}
	F1: 0.967741935483871

Testing...

Test Accuracy Score: 0.46153846153846156

Test F1 Score: 0.36363636363636365
 

Train labels: 
[1 1 0 1 0 1 0 0 1 1 1 1 0 0 0 0 0 1 0 1 0 1 1 1 0 1 0 1 0 0]
[1 1 0 1 0 1 0 0 1 1 1 1 1 0 0 0 0 1 0 1 0 1 1 1 0 1 0 1 0 0]

Test labels: 
[0 0 1 0 1 1 1 0 0 1 1 1 0]
[0 0 0 1 0 1 1 0 0 0 0 0 1]

Cross Validation:
[0.33333333 0.         0.66666667 0.         0.5        0.5
 0.5        0.5        0.5        1.         0.         0.5
 0.5        0.5        0.5        0.5        0.5        0.5
 0.5        0.5       ]
Average CV score: 0.45
 
Selecting the current features
Training and testing models with  all ,  ou

Training ONE model... (linSVM)
Best parameters:  {'linearsvc__C': 0.028666226939616034}
	F1: 0.8484848484848485

Testing...

Test Accuracy Score: 0.38461538461538464

Test F1 Score: 0.2
 

Train labels: 
[1 1 0 1 0 1 0 0 1 1 1 1 0 0 0 0 0 1 0 1 0 1 1 1 0 1 0 1 0 0]
[1 1 0 1 0 1 0 0 1 1 0 1 1 1 0 0 0 1 1 1 0 1 1 1 0 1 1 1 0 0]

Test labels: 
[0 0 1 0 1 1 1 0 0 1 1 1 0]
[0 0 0 1 0 0 1 1 0 0 0 0 0]

Cross Validation:
[0.33333333 0.33333333 0.33333333 0.         0.5        0.5
 0.5        0.5        0.5        0.         0.5        0.5
 1.         1.         0.         0.5        1.         0.
 0.         1.        ]
Average CV score: 0.45
 

Training ONE model... (SVM)
Best parameters:  {'svc__C': 1.356682670982257, 'svc__gamma': 0.8275030656960685}
	F1: 1.0

Testing...

Test Accuracy Score: 0.5384615384615384

Test F1 Score: 0.6666666666666665
 

Train labels: 
[1 1 0 1 0 1 0 0 1 1 1 1 0 0 0 0 0 1 0 1 0 1 1 1 0 1 0 1 0 0]
[1 1 0 1 0 1 0 0 1 1 1 1 0 0 0 0 0 1 0 1 0 1 1 1 0 1 0 1 0 0]

Test labels: 
[0 0 1 0 1 1 1 0 0 1 1 1 0]
[1 0 1 1 1 0 1 1 1 1 1 1 1]

Cross Validation:
[0.33333333 0.66666667 0.33333333 0.5        0.         0.5
 0.5        0.5        0.5        1.         0.5        0.5
 0.         0.5        0.         0.5        0.5        0.
 0.5        0.5       ]
Average CV score: 0.41666666666666663
 

Training ONE model... (RF)
Best parameters:  {'randomforestclassifier__n_estimators': 100, 'randomforestclassifier__min_samples_split': 2, 'randomforestclassifier__min_samples_leaf': 4, 'randomforestclassifier__max_depth': 90, 'randomforestclassifier__bootstrap': True}
	F1: 1.0

Testing...

Test Accuracy Score: 0.46153846153846156

Test F1 Score: 0.4615384615384615
 

Train labels: 
[1 1 0 1 0 1 0 0 1 1 1 1 0 0 0 0 0 1 0 1 0 1 1 1 0 1 0 1 0 0]
[1 1 0 1 0 1 0 0 1 1 1 1 0 0 0 0 0 1 0 1 0 1 1 1 0 1 0 1 0 0]

Test labels: 
[0 0 1 0 1 1 1 0 0 1 1 1 0]
[0 1 0 1 0 1 1 0 1 0 0 1 0]

Cross Validation:
[0.33333333 0.33333333 0.33333333 0.5        0.5        0.5
 0.5        0.         0.5        0.5        0.5        0.5
 0.5        1.         0.         1.         0.         0.
 0.         0.5       ]
Average CV score: 0.4
 

Training ONE model... (AdaBoost)
Best parameters:  {'adaboostclassifier__n_estimators': 50, 'adaboostclassifier__learning_rate': 0.1}
	F1: 1.0

Testing...

Test Accuracy Score: 0.46153846153846156

Test F1 Score: 0.4615384615384615
 

Train labels: 
[1 1 0 1 0 1 0 0 1 1 1 1 0 0 0 0 0 1 0 1 0 1 1 1 0 1 0 1 0 0]
[1 1 0 1 0 1 0 0 1 1 1 1 0 0 0 0 0 1 0 1 0 1 1 1 0 1 0 1 0 0]

Test labels: 
[0 0 1 0 1 1 1 0 0 1 1 1 0]
[0 1 1 1 0 0 1 1 0 0 0 1 0]

Cross Validation:
[0.66666667 0.33333333 0.33333333 0.5        0.5        0.5
 0.         0.5        0.         0.5        0.         0.5
 0.         1.         0.         1.         0.5        0.5
 0.         1.        ]
Average CV score: 0.41666666666666663
 

Training ONE model... (LogisticRegression)
Best parameters:  {'logisticregression__C': 4.077888318648947, 'logisticregression__penalty': 'l1'}
	F1: 0.9655172413793104

Testing...

Test Accuracy Score: 0.46153846153846156

Test F1 Score: 0.36363636363636365
 

Train labels: 
[1 1 0 1 0 1 0 0 1 1 1 1 0 0 0 0 0 1 0 1 0 1 1 1 0 1 0 1 0 0]
[1 1 0 1 0 1 0 0 1 1 0 1 0 0 0 0 0 1 0 1 0 1 1 1 0 1 0 1 0 0]

Test labels: 
[0 0 1 0 1 1 1 0 0 1 1 1 0]
[0 0 1 1 0 0 1 0 1 0 0 0 0]

Cross Validation:
[0.         0.         0.66666667 0.         0.5        0.5
 0.5        0.5        0.5        0.         0.         0.5
 0.5        0.5        0.         0.         0.         0.
 0.         1.        ]
Average CV score: 0.2833333333333333
 
Selecting the current features
Training and testing models with  all ,  classic

Training ONE model... (linSVM)
Best parameters:  {'linearsvc__C': 0.4780885420973615}
	F1: 0.8484848484848485

Testing...

Test Accuracy Score: 0.46153846153846156

Test F1 Score: 0.36363636363636365
 

Train labels: 
[1 1 0 1 0 1 0 0 1 1 1 1 0 0 0 0 0 1 0 1 0 1 1 1 0 1 0 1 0 0]
[0 1 0 1 0 1 0 1 1 1 1 1 1 0 1 0 0 1 0 1 0 1 1 1 0 1 1 1 0 0]

Test labels: 
[0 0 1 0 1 1 1 0 0 1 1 1 0]
[0 0 1 1 0 0 1 0 0 0 0 0 1]

Cross Validation:
[0.66666667 0.         0.33333333 1.         0.5        0.5
 1.         1.         0.         1.         0.         1.
 0.5        1.         0.5        1.         1.         0.
 0.5        0.5       ]
Average CV score: 0.6
 

Training ONE model... (SVM)
Best parameters:  {'svc__C': 0.4752763799422482, 'svc__gamma': 0.006323889408217111}
	F1: 0.7894736842105263

Testing...

Test Accuracy Score: 0.5384615384615384

Test F1 Score: 0.6666666666666665
 

Train labels: 
[1 1 0 1 0 1 0 0 1 1 1 1 0 0 0 0 0 1 0 1 0 1 1 1 0 1 0 1 0 0]
[1 1 0 1 0 1 0 1 1 1 1 1 1 1 1 1 1 1 0 1 1 1 1 1 0 1 1 1 0 0]

Test labels: 
[0 0 1 0 1 1 1 0 0 1 1 1 0]
[0 1 1 1 1 1 1 1 1 0 1 1 1]

Cross Validation:
[0.66666667 0.33333333 0.33333333 0.5        1.         0.5
 0.5        0.5        0.         0.5        0.         0.5
 0.5        1.         0.5        0.5        1.         0.
 0.5        0.5       ]
Average CV score: 0.4916666666666666
 

Training ONE model... (RF)
Best parameters:  {'randomforestclassifier__n_estimators': 100, 'randomforestclassifier__min_samples_split': 5, 'randomforestclassifier__min_samples_leaf': 2, 'randomforestclassifier__max_depth': 90, 'randomforestclassifier__bootstrap': True}
	F1: 1.0

Testing...

Test Accuracy Score: 0.46153846153846156

Test F1 Score: 0.36363636363636365
 

Train labels: 
[1 1 0 1 0 1 0 0 1 1 1 1 0 0 0 0 0 1 0 1 0 1 1 1 0 1 0 1 0 0]
[1 1 0 1 0 1 0 0 1 1 1 1 0 0 0 0 0 1 0 1 0 1 1 1 0 1 0 1 0 0]

Test labels: 
[0 0 1 0 1 1 1 0 0 1 1 1 0]
[0 0 1 0 0 0 0 0 1 0 0 1 1]

Cross Validation:
[0.         0.         0.66666667 1.         1.         0.5
 0.5        0.5        0.5        1.         1.         0.5
 0.5        0.5        0.5        0.5        0.5        0.5
 0.5        0.        ]
Average CV score: 0.5333333333333333
 

Training ONE model... (AdaBoost)
Best parameters:  {'adaboostclassifier__n_estimators': 150, 'adaboostclassifier__learning_rate': 0.2}
	F1: 1.0

Testing...

Test Accuracy Score: 0.46153846153846156

Test F1 Score: 0.36363636363636365
 

Train labels: 
[1 1 0 1 0 1 0 0 1 1 1 1 0 0 0 0 0 1 0 1 0 1 1 1 0 1 0 1 0 0]
[1 1 0 1 0 1 0 0 1 1 1 1 0 0 0 0 0 1 0 1 0 1 1 1 0 1 0 1 0 0]

Test labels: 
[0 0 1 0 1 1 1 0 0 1 1 1 0]
[0 0 1 1 1 0 0 0 0 0 0 0 1]

Cross Validation:
[0.66666667 0.33333333 0.33333333 1.         0.5        1.
 0.5        0.5        0.         0.5        1.         1.
 1.         0.5        0.         0.         0.         0.
 0.5        0.        ]
Average CV score: 0.4666666666666666
 

Training ONE model... (LogisticRegression)
Best parameters:  {'logisticregression__C': 0.7528463069044197, 'logisticregression__penalty': 'l1'}
	F1: 0.7058823529411765

Testing...

Test Accuracy Score: 0.6923076923076923

Test F1 Score: 0.6666666666666666
 

Train labels: 
[1 1 0 1 0 1 0 0 1 1 1 1 0 0 0 0 0 1 0 1 0 1 1 1 0 1 0 1 0 0]
[0 1 0 1 0 1 0 1 1 1 1 0 1 1 1 1 1 1 0 0 0 1 1 1 0 1 1 1 0 0]

Test labels: 
[0 0 1 0 1 1 1 0 0 1 1 1 0]
[0 0 1 0 0 1 1 0 0 0 0 1 1]

Cross Validation:
[0.33333333 0.         0.33333333 1.         0.5        0.5
 1.         0.5        0.         1.         0.         1.
 0.5        1.         0.5        1.         0.5        0.5
 0.5        0.5       ]
Average CV score: 0.5583333333333333
 
Selecting the current features
Training and testing models with  fix ,  all

Training ONE model... (linSVM)
Best parameters:  {'linearsvc__C': 0.08295820220332956}
	F1: 0.7333333333333333

Testing...

Test Accuracy Score: 0.3076923076923077

Test F1 Score: 0.18181818181818182
 

Train labels: 
[1 1 0 1 0 1 0 0 1 1 1 1 0 0 0 0 0 1 0 1 0 1 1 1 0 1 0 1 0 0]
[1 0 0 1 0 1 0 0 0 1 0 1 1 1 0 0 0 0 0 1 0 1 1 1 1 1 0 1 1 0]

Test labels: 
[0 0 1 0 1 1 1 0 0 1 1 1 0]
[0 0 1 1 0 0 0 1 0 0 0 0 1]

Cross Validation:
[0.33333333 0.66666667 0.33333333 0.5        0.5        0.5
 0.5        0.         0.         0.5        0.         0.5
 1.         1.         0.         0.5        0.5        0.5
 0.         0.5       ]
Average CV score: 0.41666666666666663
 

Training ONE model... (SVM)
Best parameters:  {'svc__C': 0.5812752391640409, 'svc__gamma': 0.009510089395720848}
	F1: 0.6976744186046512

Testing...

Test Accuracy Score: 0.5384615384615384

Test F1 Score: 0.6666666666666665
 

Train labels: 
[1 1 0 1 0 1 0 0 1 1 1 1 0 0 0 0 0 1 0 1 0 1 1 1 0 1 0 1 0 0]
[1 1 1 1 1 1 1 0 1 1 1 1 1 1 1 1 1 1 1 1 0 1 1 1 1 1 1 1 1 1]

Test labels: 
[0 0 1 0 1 1 1 0 0 1 1 1 0]
[0 1 0 1 1 1 1 1 1 1 1 1 1]

Cross Validation:
[0.33333333 0.         0.33333333 0.5        0.         0.5
 1.         0.5        0.         1.         0.         0.5
 0.5        0.         1.         0.5        0.5        0.
 0.5        0.        ]
Average CV score: 0.3833333333333333
 

Training ONE model... (RF)
Best parameters:  {'randomforestclassifier__n_estimators': 50, 'randomforestclassifier__min_samples_split': 2, 'randomforestclassifier__min_samples_leaf': 6, 'randomforestclassifier__max_depth': 90, 'randomforestclassifier__bootstrap': True}
	F1: 0.8387096774193549

Testing...

Test Accuracy Score: 0.23076923076923078

Test F1 Score: 0.0
 

Train labels: 
[1 1 0 1 0 1 0 0 1 1 1 1 0 0 0 0 0 1 0 1 0 1 1 1 0 1 0 1 0 0]
[0 1 0 1 0 1 1 0 1 0 1 1 0 0 0 1 0 1 0 1 0 1 1 1 1 1 0 1 0 0]

Test labels: 
[0 0 1 0 1 1 1 0 0 1 1 1 0]
[0 0 0 0 0 0 0 1 1 0 0 0 1]

Cross Validation:
[0.33333333 0.33333333 0.33333333 0.5        0.         0.5
 0.5        0.5        0.5        0.5        0.         0.
 1.         0.5        0.5        0.         1.         0.
 0.5        0.5       ]
Average CV score: 0.4
 

Training ONE model... (AdaBoost)
Best parameters:  {'adaboostclassifier__n_estimators': 50, 'adaboostclassifier__learning_rate': 0.2}
	F1: 1.0

Testing...

Test Accuracy Score: 0.3076923076923077

Test F1 Score: 0.30769230769230765
 

Train labels: 
[1 1 0 1 0 1 0 0 1 1 1 1 0 0 0 0 0 1 0 1 0 1 1 1 0 1 0 1 0 0]
[1 1 0 1 0 1 0 0 1 1 1 1 0 0 0 0 0 1 0 1 0 1 1 1 0 1 0 1 0 0]

Test labels: 
[0 0 1 0 1 1 1 0 0 1 1 1 0]
[1 1 0 1 0 1 0 0 0 0 1 0 1]

Cross Validation:
[0.66666667 1.         0.66666667 0.5        0.         0.
 1.         0.5        0.5        0.5        0.         0.
 1.         0.         0.5        0.         0.5        0.5
 0.5        0.5       ]
Average CV score: 0.4416666666666666
 

Training ONE model... (LogisticRegression)
Best parameters:  {'logisticregression__C': 0.9350874888393034, 'logisticregression__penalty': 'l2'}
	F1: 0.7333333333333333

Testing...

Test Accuracy Score: 0.3076923076923077

Test F1 Score: 0.18181818181818182
 

Train labels: 
[1 1 0 1 0 1 0 0 1 1 1 1 0 0 0 0 0 1 0 1 0 1 1 1 0 1 0 1 0 0]
[1 0 0 1 0 1 0 0 0 1 0 1 1 1 0 0 0 0 0 1 0 1 1 1 1 1 0 1 1 0]

Test labels: 
[0 0 1 0 1 1 1 0 0 1 1 1 0]
[0 0 1 1 0 0 0 1 0 0 0 0 1]

Cross Validation:
[0.33333333 0.33333333 0.33333333 0.5        0.         0.5
 0.5        0.         0.         0.5        0.         0.5
 1.         1.         0.         0.         0.5        0.5
 0.5        0.5       ]
Average CV score: 0.375
 
Selecting the current features
Training and testing models with  fix ,  ou

Training ONE model... (linSVM)
Best parameters:  {'linearsvc__C': 14.1225485103336}
	F1: 0.9285714285714286

Testing...

Test Accuracy Score: 0.23076923076923078

Test F1 Score: 0.375
 

Train labels: 
[1 1 0 1 0 1 0 0 1 1 1 1 0 0 0 0 0 1 0 1 0 1 1 1 0 1 0 1 0 0]
[1 1 0 1 0 1 0 0 1 1 0 1 0 0 0 0 0 0 0 1 0 1 1 1 0 1 0 1 0 0]

Test labels: 
[0 0 1 0 1 1 1 0 0 1 1 1 0]
[1 1 0 1 0 1 0 1 1 0 1 1 1]

Cross Validation:
[0.33333333 0.66666667 0.33333333 0.5        0.         1.
 0.5        0.         0.         0.5        0.5        0.
 1.         1.         0.         0.5        0.5        0.5
 0.5        0.5       ]
Average CV score: 0.4416666666666666
 

Training ONE model... (SVM)
Best parameters:  {'svc__C': 0.8187123613868973, 'svc__gamma': 0.0015879758860706439}
	F1: 0.6818181818181819

Testing...

Test Accuracy Score: 0.46153846153846156

Test F1 Score: 0.631578947368421
 

Train labels: 
[1 1 0 1 0 1 0 0 1 1 1 1 0 0 0 0 0 1 0 1 0 1 1 1 0 1 0 1 0 0]
[1 1 1 1 1 1 1 1 1 1 1 1 1 1 1 1 1 1 1 1 0 1 1 1 1 1 1 1 1 1]

Test labels: 
[0 0 1 0 1 1 1 0 0 1 1 1 0]
[1 1 0 1 1 1 1 1 1 1 1 1 1]

Cross Validation:
[0.33333333 0.66666667 0.33333333 0.5        0.5        0.5
 0.5        0.5        0.5        0.5        0.5        0.5
 0.5        0.5        0.5        0.         0.5        0.
 0.         0.5       ]
Average CV score: 0.41666666666666663
 

Training ONE model... (RF)
Best parameters:  {'randomforestclassifier__n_estimators': 50, 'randomforestclassifier__min_samples_split': 2, 'randomforestclassifier__min_samples_leaf': 6, 'randomforestclassifier__max_depth': 90, 'randomforestclassifier__bootstrap': True}
	F1: 0.7741935483870969

Testing...

Test Accuracy Score: 0.3076923076923077

Test F1 Score: 0.30769230769230765
 

Train labels: 
[1 1 0 1 0 1 0 0 1 1 1 1 0 0 0 0 0 1 0 1 0 1 1 1 0 1 0 1 0 0]
[0 1 1 1 0 1 0 0 1 0 1 1 0 1 0 1 0 0 0 1 0 1 1 1 1 1 0 1 0 0]

Test labels: 
[0 0 1 0 1 1 1 0 0 1 1 1 0]
[0 0 0 1 0 1 0 1 1 0 0 1 1]

Cross Validation:
[0.33333333 1.         0.33333333 0.5        0.         0.
 0.         0.         0.5        0.5        0.         0.5
 0.5        0.5        0.         0.         1.         0.
 0.5        0.5       ]
Average CV score: 0.3333333333333333
 

Training ONE model... (AdaBoost)
Best parameters:  {'adaboostclassifier__n_estimators': 50, 'adaboostclassifier__learning_rate': 0.01}
	F1: 0.8571428571428571

Testing...

Test Accuracy Score: 0.38461538461538464

Test F1 Score: 0.0
 

Train labels: 
[1 1 0 1 0 1 0 0 1 1 1 1 0 0 0 0 0 1 0 1 0 1 1 1 0 1 0 1 0 0]
[0 1 0 1 0 1 0 0 1 0 0 1 0 0 0 0 0 1 1 1 0 1 1 1 0 1 0 1 0 0]

Test labels: 
[0 0 1 0 1 1 1 0 0 1 1 1 0]
[0 0 0 1 0 0 0 0 0 0 0 0 0]

Cross Validation:
[0.33333333 1.         0.33333333 0.         0.         0.
 1.         0.5        0.5        0.5        0.         0.
 1.         0.5        0.5        1.         0.5        0.
 0.5        0.5       ]
Average CV score: 0.4333333333333333
 

Training ONE model... (LogisticRegression)
Best parameters:  {'logisticregression__C': 0.5006720632367622, 'logisticregression__penalty': 'l1'}
	F1: 0.5806451612903225

Testing...

Test Accuracy Score: 0.46153846153846156

Test F1 Score: 0.4615384615384615
 

Train labels: 
[1 1 0 1 0 1 0 0 1 1 1 1 0 0 0 0 0 1 0 1 0 1 1 1 0 1 0 1 0 0]
[0 1 1 1 0 1 1 0 1 0 0 1 0 1 0 1 0 0 1 0 0 1 1 1 1 0 1 1 0 0]

Test labels: 
[0 0 1 0 1 1 1 0 0 1 1 1 0]
[1 0 0 0 0 1 0 0 1 1 0 1 1]

Cross Validation:
[0.33333333 0.66666667 0.         0.         0.         0.5
 0.         0.         0.         0.         0.         0.
 1.         0.5        0.         0.5        0.5        0.5
 0.5        0.5       ]
Average CV score: 0.275
 
Selecting the current features
Training and testing models with  fix ,  classic

Training ONE model... (linSVM)
Best parameters:  {'linearsvc__C': 0.030078812424568436}
	F1: 0.6666666666666666

Testing...

Test Accuracy Score: 0.46153846153846156

Test F1 Score: 0.36363636363636365
 

Train labels: 
[1 1 0 1 0 1 0 0 1 1 1 1 0 0 0 0 0 1 0 1 0 1 1 1 0 1 0 1 0 0]
[0 1 0 1 0 1 0 1 0 1 1 0 1 0 1 1 0 1 0 0 0 1 1 1 1 1 0 1 1 1]

Test labels: 
[0 0 1 0 1 1 1 0 0 1 1 1 0]
[0 0 1 0 1 0 0 1 0 0 0 0 1]

Cross Validation:
[0.66666667 0.33333333 0.         1.         1.         0.5
 0.5        1.         0.         0.5        0.         0.5
 0.5        1.         0.5        1.         1.         0.5
 0.5        0.5       ]
Average CV score: 0.575
 

Training ONE model... (SVM)
Best parameters:  {'svc__C': 6.223722215120442, 'svc__gamma': 0.07896574446907435}
	F1: 0.6875

Testing...

Test Accuracy Score: 0.46153846153846156

Test F1 Score: 0.36363636363636365
 

Train labels: 
[1 1 0 1 0 1 0 0 1 1 1 1 0 0 0 0 0 1 0 1 0 1 1 1 0 1 0 1 0 0]
[0 1 0 1 0 1 0 1 0 1 1 0 1 0 1 0 0 1 0 0 0 1 1 1 1 1 0 1 1 1]

Test labels: 
[0 0 1 0 1 1 1 0 0 1 1 1 0]
[0 0 1 0 1 0 0 1 0 0 0 0 1]

Cross Validation:
[0.33333333 0.33333333 0.         0.5        0.5        0.5
 0.5        0.5        0.5        1.         0.         0.5
 0.5        0.5        0.5        0.5        0.5        0.5
 0.5        0.5       ]
Average CV score: 0.4583333333333333
 

Training ONE model... (RF)
Best parameters:  {'randomforestclassifier__n_estimators': 50, 'randomforestclassifier__min_samples_split': 2, 'randomforestclassifier__min_samples_leaf': 6, 'randomforestclassifier__max_depth': 90, 'randomforestclassifier__bootstrap': True}
	F1: 0.6206896551724138

Testing...

Test Accuracy Score: 0.46153846153846156

Test F1 Score: 0.36363636363636365
 

Train labels: 
[1 1 0 1 0 1 0 0 1 1 1 1 0 0 0 0 0 1 0 1 0 1 1 1 0 1 0 1 0 0]
[0 1 0 1 0 0 0 1 0 1 1 0 1 0 1 0 0 1 0 0 0 1 1 0 1 1 0 1 1 0]

Test labels: 
[0 0 1 0 1 1 1 0 0 1 1 1 0]
[0 0 1 0 1 0 0 1 0 0 0 0 1]

Cross Validation:
[0.33333333 0.33333333 0.         0.5        1.         0.5
 0.5        1.         0.5        0.5        0.         0.5
 0.5        0.5        0.5        0.5        1.         0.5
 0.5        0.        ]
Average CV score: 0.4833333333333333
 

Training ONE model... (AdaBoost)
Best parameters:  {'adaboostclassifier__n_estimators': 50, 'adaboostclassifier__learning_rate': 0.2}
	F1: 0.888888888888889

Testing...

Test Accuracy Score: 0.23076923076923078

Test F1 Score: 0.2857142857142857
 

Train labels: 
[1 1 0 1 0 1 0 0 1 1 1 1 0 0 0 0 0 1 0 1 0 1 1 1 0 1 0 1 0 0]
[1 0 0 1 0 1 0 0 1 1 1 0 0 0 0 0 0 1 0 0 0 1 1 1 0 1 0 1 0 0]

Test labels: 
[0 0 1 0 1 1 1 0 0 1 1 1 0]
[1 1 1 1 0 0 0 1 0 0 1 0 1]

Cross Validation:
[0.66666667 0.33333333 0.         0.         0.5        0.5
 0.5        0.5        0.5        0.5        0.         0.5
 0.5        1.         0.5        0.5        0.5        0.5
 0.         0.        ]
Average CV score: 0.4
 

Training ONE model... (LogisticRegression)
Best parameters:  {'logisticregression__C': 0.03905860825159184, 'logisticregression__penalty': 'l2'}
	F1: 0.6666666666666666

Testing...

Test Accuracy Score: 0.46153846153846156

Test F1 Score: 0.36363636363636365
 

Train labels: 
[1 1 0 1 0 1 0 0 1 1 1 1 0 0 0 0 0 1 0 1 0 1 1 1 0 1 0 1 0 0]
[0 1 0 1 0 1 0 1 0 1 1 0 1 0 1 1 0 1 0 0 0 1 1 1 1 1 0 1 1 1]

Test labels: 
[0 0 1 0 1 1 1 0 0 1 1 1 0]
[0 0 1 0 1 0 0 1 0 0 0 0 1]

Cross Validation:
[0.66666667 0.33333333 0.33333333 1.         1.         0.5
 0.5        1.         0.         0.5        0.         0.5
 0.5        1.         0.5        1.         1.         0.5
 0.5        0.5       ]
Average CV score: 0.5916666666666666
 
Selecting the current features
Training and testing models with  sac ,  all

Training ONE model... (linSVM)
Best parameters:  {'linearsvc__C': 0.5978926085140178}
	F1: 0.9375

Testing...

Test Accuracy Score: 0.6923076923076923

Test F1 Score: 0.7142857142857143
 

Train labels: 
[1 1 0 1 0 1 0 0 1 1 1 1 0 0 0 0 0 1 0 1 0 1 1 1 0 1 0 1 0 0]
[1 1 0 1 0 1 0 0 1 1 1 1 0 0 0 0 0 1 1 1 0 1 1 1 0 1 1 1 0 0]

Test labels: 
[0 0 1 0 1 1 1 0 0 1 1 1 0]
[1 0 1 0 0 1 1 0 0 0 1 1 1]

Cross Validation:
[0.         0.         0.66666667 0.         0.5        0.5
 0.5        0.5        1.         1.         0.         1.
 0.5        1.         1.         0.5        0.         0.
 0.5        0.5       ]
Average CV score: 0.4833333333333333
 

Training ONE model... (SVM)
Best parameters:  {'svc__C': 7.441815464547654, 'svc__gamma': 0.012642190191233436}
	F1: 0.967741935483871

Testing...

Test Accuracy Score: 0.6153846153846154

Test F1 Score: 0.6153846153846153
 

Train labels: 
[1 1 0 1 0 1 0 0 1 1 1 1 0 0 0 0 0 1 0 1 0 1 1 1 0 1 0 1 0 0]
[1 1 0 1 0 1 0 0 1 1 1 1 0 0 0 1 0 1 0 1 0 1 1 1 0 1 0 1 0 0]

Test labels: 
[0 0 1 0 1 1 1 0 0 1 1 1 0]
[0 0 1 1 0 0 1 0 0 0 1 1 1]

Cross Validation:
[0.33333333 0.33333333 0.66666667 0.5        0.5        0.5
 0.5        0.5        1.         1.         0.         0.5
 0.5        0.5        0.5        0.5        0.5        0.5
 0.5        0.5       ]
Average CV score: 0.5166666666666666
 

Training ONE model... (RF)
Best parameters:  {'randomforestclassifier__n_estimators': 50, 'randomforestclassifier__min_samples_split': 2, 'randomforestclassifier__min_samples_leaf': 2, 'randomforestclassifier__max_depth': 90, 'randomforestclassifier__bootstrap': True}
	F1: 1.0

Testing...

Test Accuracy Score: 0.38461538461538464

Test F1 Score: 0.3333333333333333
 

Train labels: 
[1 1 0 1 0 1 0 0 1 1 1 1 0 0 0 0 0 1 0 1 0 1 1 1 0 1 0 1 0 0]
[1 1 0 1 0 1 0 0 1 1 1 1 0 0 0 0 0 1 0 1 0 1 1 1 0 1 0 1 0 0]

Test labels: 
[0 0 1 0 1 1 1 0 0 1 1 1 0]
[0 0 0 1 1 0 0 1 1 1 0 0 0]

Cross Validation:
[0.33333333 0.33333333 0.66666667 0.         1.         0.5
 0.5        0.5        1.         1.         0.5        1.
 0.         1.         0.5        1.         0.         0.
 0.5        0.5       ]
Average CV score: 0.5416666666666666
 

Training ONE model... (AdaBoost)
Best parameters:  {'adaboostclassifier__n_estimators': 100, 'adaboostclassifier__learning_rate': 0.1}
	F1: 1.0

Testing...

Test Accuracy Score: 0.46153846153846156

Test F1 Score: 0.588235294117647
 

Train labels: 
[1 1 0 1 0 1 0 0 1 1 1 1 0 0 0 0 0 1 0 1 0 1 1 1 0 1 0 1 0 0]
[1 1 0 1 0 1 0 0 1 1 1 1 0 0 0 0 0 1 0 1 0 1 1 1 0 1 0 1 0 0]

Test labels: 
[0 0 1 0 1 1 1 0 0 1 1 1 0]
[0 1 1 1 0 1 0 1 1 1 1 1 1]

Cross Validation:
[0.33333333 0.33333333 0.33333333 0.5        1.         0.5
 0.         1.         0.5        1.         0.5        0.5
 0.5        0.         0.         1.         0.5        0.
 0.5        0.        ]
Average CV score: 0.45
 

Training ONE model... (LogisticRegression)
Best parameters:  {'logisticregression__C': 7.0322676953119965, 'logisticregression__penalty': 'l2'}
	F1: 0.9375

Testing...

Test Accuracy Score: 0.6153846153846154

Test F1 Score: 0.6153846153846153
 

Train labels: 
[1 1 0 1 0 1 0 0 1 1 1 1 0 0 0 0 0 1 0 1 0 1 1 1 0 1 0 1 0 0]
[1 1 0 1 0 1 0 0 1 1 1 1 0 0 0 0 0 1 1 1 0 1 1 1 0 1 1 1 0 0]

Test labels: 
[0 0 1 0 1 1 1 0 0 1 1 1 0]
[1 0 1 0 0 1 0 0 0 0 1 1 1]

Cross Validation:
[0.         0.33333333 0.33333333 0.         0.5        0.5
 0.5        0.5        1.         1.         0.         1.
 0.5        0.5        0.5        0.5        0.5        0.5
 0.5        0.5       ]
Average CV score: 0.4833333333333333
 
Selecting the current features
Training and testing models with  sac ,  ou

Training ONE model... (linSVM)
Best parameters:  {'linearsvc__C': 0.29224469111524687}
	F1: 0.8275862068965518

Testing...

Test Accuracy Score: 0.38461538461538464

Test F1 Score: 0.3333333333333333
 

Train labels: 
[1 1 0 1 0 1 0 0 1 1 1 1 0 0 0 0 0 1 0 1 0 1 1 1 0 1 0 1 0 0]
[1 1 0 1 0 1 1 0 1 1 0 0 0 0 0 0 0 1 1 1 0 1 0 1 0 1 0 1 0 0]

Test labels: 
[0 0 1 0 1 1 1 0 0 1 1 1 0]
[0 0 0 1 0 0 1 1 0 1 0 0 1]

Cross Validation:
[0.33333333 0.         0.33333333 0.         0.5        0.
 0.         0.         1.         0.5        0.         1.
 0.5        1.         0.         0.5        1.         0.
 0.5        0.5       ]
Average CV score: 0.3833333333333333
 

Training ONE model... (SVM)
Best parameters:  {'svc__C': 2.3845889529489632, 'svc__gamma': 0.4352933323086786}
	F1: 1.0

Testing...

Test Accuracy Score: 0.46153846153846156

Test F1 Score: 0.588235294117647
 

Train labels: 
[1 1 0 1 0 1 0 0 1 1 1 1 0 0 0 0 0 1 0 1 0 1 1 1 0 1 0 1 0 0]
[1 1 0 1 0 1 0 0 1 1 1 1 0 0 0 0 0 1 0 1 0 1 1 1 0 1 0 1 0 0]

Test labels: 
[0 0 1 0 1 1 1 0 0 1 1 1 0]
[1 0 1 1 1 0 1 1 1 1 1 0 1]

Cross Validation:
[0.33333333 0.         0.33333333 0.5        0.5        0.
 0.5        0.5        0.5        0.5        0.5        0.5
 0.5        0.5        0.5        0.5        0.5        0.5
 0.5        0.5       ]
Average CV score: 0.4333333333333333
 

Training ONE model... (RF)
Best parameters:  {'randomforestclassifier__n_estimators': 50, 'randomforestclassifier__min_samples_split': 2, 'randomforestclassifier__min_samples_leaf': 6, 'randomforestclassifier__max_depth': 90, 'randomforestclassifier__bootstrap': True}
	F1: 0.8000000000000002

Testing...

Test Accuracy Score: 0.38461538461538464

Test F1 Score: 0.3333333333333333
 

Train labels: 
[1 1 0 1 0 1 0 0 1 1 1 1 0 0 0 0 0 1 0 1 0 1 1 1 0 1 0 1 0 0]
[1 0 0 1 0 1 1 0 1 1 0 1 0 0 1 0 0 0 0 1 1 1 1 1 0 1 0 1 0 0]

Test labels: 
[0 0 1 0 1 1 1 0 0 1 1 1 0]
[0 0 0 1 0 0 1 1 1 1 0 0 0]

Cross Validation:
[0.         0.33333333 0.66666667 0.         0.5        0.5
 0.5        0.         0.5        0.5        0.5        0.5
 0.         0.         0.5        1.         0.5        0.
 0.5        0.        ]
Average CV score: 0.35
 

Training ONE model... (AdaBoost)
Best parameters:  {'adaboostclassifier__n_estimators': 150, 'adaboostclassifier__learning_rate': 0.01}
	F1: 0.9032258064516129

Testing...

Test Accuracy Score: 0.46153846153846156

Test F1 Score: 0.4615384615384615
 

Train labels: 
[1 1 0 1 0 1 0 0 1 1 1 1 0 0 0 0 0 1 0 1 0 1 1 1 0 1 0 1 0 0]
[1 1 0 1 0 1 1 0 1 1 0 1 0 0 0 0 1 1 0 1 0 1 1 1 0 1 0 1 0 0]

Test labels: 
[0 0 1 0 1 1 1 0 0 1 1 1 0]
[0 1 1 1 0 0 1 1 0 1 0 0 0]

Cross Validation:
[0.66666667 0.66666667 0.33333333 0.5        0.5        0.5
 0.         0.5        1.         0.5        0.         0.5
 0.5        0.5        0.         1.         0.5        0.
 0.5        0.        ]
Average CV score: 0.4333333333333333
 

Training ONE model... (LogisticRegression)
Best parameters:  {'logisticregression__C': 2.5169252043671584, 'logisticregression__penalty': 'l2'}
	F1: 0.8000000000000002

Testing...

Test Accuracy Score: 0.38461538461538464

Test F1 Score: 0.3333333333333333
 

Train labels: 
[1 1 0 1 0 1 0 0 1 1 1 1 0 0 0 0 0 1 0 1 0 1 1 1 0 1 0 1 0 0]
[1 1 1 1 0 1 1 0 1 1 0 0 0 0 0 0 0 1 1 1 0 1 0 1 0 1 0 1 0 0]

Test labels: 
[0 0 1 0 1 1 1 0 0 1 1 1 0]
[0 0 0 1 0 0 1 1 0 1 0 0 1]

Cross Validation:
[0.         0.         0.66666667 0.         0.5        0.5
 0.         0.5        1.         0.5        0.5        0.5
 0.5        1.         0.5        0.5        0.         0.
 0.5        0.5       ]
Average CV score: 0.4083333333333333
 
Selecting the current features
Training and testing models with  sac ,  classic

Training ONE model... (linSVM)
Best parameters:  {'linearsvc__C': 18.399882843334694}
	F1: 0.8125

Testing...

Test Accuracy Score: 0.5384615384615384

Test F1 Score: 0.5714285714285714
 

Train labels: 
[1 1 0 1 0 1 0 0 1 1 1 1 0 0 0 0 0 1 0 1 0 1 1 1 0 1 0 1 0 0]
[0 1 1 1 0 1 0 0 1 1 1 1 0 0 0 1 1 1 0 1 0 1 1 1 0 0 1 1 0 0]

Test labels: 
[0 0 1 0 1 1 1 0 0 1 1 1 0]
[0 1 1 1 0 1 0 0 0 0 1 1 1]

Cross Validation:
[0.33333333 0.33333333 0.33333333 1.         0.         0.5
 0.5        0.5        0.5        0.5        0.5        1.
 0.5        1.         0.5        0.5        0.5        0.
 0.5        0.        ]
Average CV score: 0.475
 

Training ONE model... (SVM)
Best parameters:  {'svc__C': 20.50516963078327, 'svc__gamma': 0.339787538654552}
	F1: 1.0

Testing...

Test Accuracy Score: 0.46153846153846156

Test F1 Score: 0.4615384615384615
 

Train labels: 
[1 1 0 1 0 1 0 0 1 1 1 1 0 0 0 0 0 1 0 1 0 1 1 1 0 1 0 1 0 0]
[1 1 0 1 0 1 0 0 1 1 1 1 0 0 0 0 0 1 0 1 0 1 1 1 0 1 0 1 0 0]

Test labels: 
[0 0 1 0 1 1 1 0 0 1 1 1 0]
[1 0 1 0 0 0 0 0 1 0 1 1 1]

Cross Validation:
[0.33333333 0.33333333 0.33333333 0.5        0.5        0.5
 0.5        0.5        0.5        0.5        1.         0.5
 0.5        1.         0.5        0.5        0.5        0.5
 0.         0.5       ]
Average CV score: 0.5
 

Training ONE model... (RF)
Best parameters:  {'randomforestclassifier__n_estimators': 150, 'randomforestclassifier__min_samples_split': 5, 'randomforestclassifier__min_samples_leaf': 2, 'randomforestclassifier__max_depth': 90, 'randomforestclassifier__bootstrap': True}
	F1: 1.0

Testing...

Test Accuracy Score: 0.6153846153846154

Test F1 Score: 0.7058823529411764
 

Train labels: 
[1 1 0 1 0 1 0 0 1 1 1 1 0 0 0 0 0 1 0 1 0 1 1 1 0 1 0 1 0 0]
[1 1 0 1 0 1 0 0 1 1 1 1 0 0 0 0 0 1 0 1 0 1 1 1 0 1 0 1 0 0]

Test labels: 
[0 0 1 0 1 1 1 0 0 1 1 1 0]
[0 1 1 0 1 1 0 1 1 1 1 1 1]

Cross Validation:
[0.33333333 0.33333333 0.33333333 1.         0.5        0.5
 0.5        0.5        0.5        1.         0.5        1.
 0.5        0.5        1.         0.5        0.5        0.5
 1.         0.        ]
Average CV score: 0.575
 

Training ONE model... (AdaBoost)
Best parameters:  {'adaboostclassifier__n_estimators': 150, 'adaboostclassifier__learning_rate': 0.2}
	F1: 1.0

Testing...

Test Accuracy Score: 0.38461538461538464

Test F1 Score: 0.42857142857142855
 

Train labels: 
[1 1 0 1 0 1 0 0 1 1 1 1 0 0 0 0 0 1 0 1 0 1 1 1 0 1 0 1 0 0]
[1 1 0 1 0 1 0 0 1 1 1 1 0 0 0 0 0 1 0 1 0 1 1 1 0 1 0 1 0 0]

Test labels: 
[0 0 1 0 1 1 1 0 0 1 1 1 0]
[0 1 1 1 1 0 0 0 1 1 0 0 1]

Cross Validation:
[0.66666667 0.33333333 0.33333333 1.         1.         1.
 0.5        0.5        0.         1.         1.         1.
 1.         0.         0.         0.5        0.5        0.5
 1.         0.5       ]
Average CV score: 0.6166666666666666
 

Training ONE model... (LogisticRegression)
Best parameters:  {'logisticregression__C': 0.8567722973252715, 'logisticregression__penalty': 'l1'}
	F1: 0.7500000000000001

Testing...

Test Accuracy Score: 0.8461538461538461

Test F1 Score: 0.8571428571428571
 

Train labels: 
[1 1 0 1 0 1 0 0 1 1 1 1 0 0 0 0 0 1 0 1 0 1 1 1 0 1 0 1 0 0]
[0 1 1 1 0 1 0 1 1 1 0 1 0 0 1 0 0 1 0 0 0 1 1 1 1 1 1 1 0 0]

Test labels: 
[0 0 1 0 1 1 1 0 0 1 1 1 0]
[0 0 1 0 0 1 1 0 0 1 1 1 1]

Cross Validation:
[0.33333333 0.33333333 0.33333333 1.         1.         0.5
 0.5        0.5        0.5        1.         0.5        1.
 0.5        1.         0.5        0.5        0.5        0.5
 0.5        0.5       ]
Average CV score: 0.6
 
Selecting the current features
Training and testing models with  pupil ,  _

Training ONE model... (linSVM)
Best parameters:  {'linearsvc__C': 0.5799686610423466}
	F1: 0.5882352941176471

Testing...

Test Accuracy Score: 0.46153846153846156

Test F1 Score: 0.5333333333333333
 

Train labels: 
[1 1 0 1 0 1 0 0 1 1 1 1 0 0 0 0 0 1 0 1 0 1 1 1 0 1 0 1 0 0]
[1 1 0 1 0 0 0 1 1 1 0 0 1 0 1 0 1 1 1 0 1 1 1 1 0 1 1 0 1 1]

Test labels: 
[0 0 1 0 1 1 1 0 0 1 1 1 0]
[0 1 1 1 1 0 1 0 1 0 0 1 1]

Cross Validation:
[0.66666667 0.33333333 0.33333333 0.5        1.         1.
 0.5        1.         0.5        0.5        0.         1.
 0.5        0.5        0.         0.5        0.         0.
 0.5        0.5       ]
Average CV score: 0.4916666666666666
 

Training ONE model... (SVM)
Best parameters:  {'svc__C': 20.41230558713358, 'svc__gamma': 0.043752303509030636}
	F1: 0.6842105263157895

Testing...

Test Accuracy Score: 0.46153846153846156

Test F1 Score: 0.5333333333333333
 

Train labels: 
[1 1 0 1 0 1 0 0 1 1 1 1 0 0 0 0 0 1 0 1 0 1 1 1 0 1 0 1 0 0]
[1 1 0 1 0 0 0 1 1 1 1 1 1 1 1 0 1 1 1 0 1 1 1 1 0 1 1 1 1 1]

Test labels: 
[0 0 1 0 1 1 1 0 0 1 1 1 0]
[0 1 1 1 1 0 1 0 1 0 0 1 1]

Cross Validation:
[0.33333333 0.33333333 0.33333333 0.5        1.         0.5
 0.5        1.         0.5        0.5        0.5        0.5
 0.5        0.5        0.5        0.5        0.5        0.5
 0.5        1.        ]
Average CV score: 0.55
 

Training ONE model... (RF)
Best parameters:  {'randomforestclassifier__n_estimators': 50, 'randomforestclassifier__min_samples_split': 2, 'randomforestclassifier__min_samples_leaf': 4, 'randomforestclassifier__max_depth': 90, 'randomforestclassifier__bootstrap': True}
	F1: 0.8275862068965518

Testing...

Test Accuracy Score: 0.5384615384615384

Test F1 Score: 0.4
 

Train labels: 
[1 1 0 1 0 1 0 0 1 1 1 1 0 0 0 0 0 1 0 1 0 1 1 1 0 1 0 1 0 0]
[1 1 0 1 0 0 0 0 1 1 0 1 0 0 0 0 0 1 0 0 1 1 1 1 0 1 0 1 0 1]

Test labels: 
[0 0 1 0 1 1 1 0 0 1 1 1 0]
[0 0 1 0 0 0 1 0 0 0 0 0 1]

Cross Validation:
[0.66666667 0.33333333 0.33333333 1.         1.         1.
 0.         1.         1.         0.5        1.         0.5
 1.         0.5        0.         0.5        0.         0.
 0.5        1.        ]
Average CV score: 0.5916666666666666
 

Training ONE model... (AdaBoost)
Best parameters:  {'adaboostclassifier__n_estimators': 100, 'adaboostclassifier__learning_rate': 0.01}
	F1: 0.8000000000000002

Testing...

Test Accuracy Score: 0.5384615384615384

Test F1 Score: 0.4
 

Train labels: 
[1 1 0 1 0 1 0 0 1 1 1 1 0 0 0 0 0 1 0 1 0 1 1 1 0 1 0 1 0 0]
[1 1 0 1 0 0 0 0 1 1 0 1 0 1 0 0 0 1 0 0 1 1 1 1 0 1 0 1 0 1]

Test labels: 
[0 0 1 0 1 1 1 0 0 1 1 1 0]
[0 0 1 0 0 0 1 0 0 0 0 0 1]

Cross Validation:
[0.66666667 0.33333333 0.33333333 1.         1.         1.
 0.         1.         0.5        0.5        1.         0.
 0.5        0.5        0.5        0.5        0.         0.5
 0.5        1.        ]
Average CV score: 0.5666666666666667
 

Training ONE model... (LogisticRegression)
Best parameters:  {'logisticregression__C': 3.219079301842891, 'logisticregression__penalty': 'l2'}
	F1: 0.5714285714285715

Testing...

Test Accuracy Score: 0.46153846153846156

Test F1 Score: 0.5333333333333333
 

Train labels: 
[1 1 0 1 0 1 0 0 1 1 1 1 0 0 0 0 0 1 0 1 0 1 1 1 0 1 0 1 0 0]
[1 1 0 1 0 0 0 1 1 1 0 0 1 1 1 0 1 1 1 0 1 1 1 1 0 1 1 0 1 1]

Test labels: 
[0 0 1 0 1 1 1 0 0 1 1 1 0]
[0 1 1 1 1 0 1 0 1 0 0 1 1]

Cross Validation:
[0.33333333 0.33333333 0.         1.         1.         1.
 0.5        1.         0.5        0.5        0.5        0.5
 0.5        0.5        0.         0.5        0.         0.
 0.5        0.5       ]
Average CV score: 0.4833333333333333
 
