
Class counts:
(array([False,  True]), array([18, 25]))
Threshold: 17
 
Selecting the current features
Training and testing models with  all ,  all

Training ONE model... (linSVM)
Best parameters:  {'linearsvc__C': 0.06880043024104222}
	F1: 1.0

Testing...

Test Accuracy Score: 0.38461538461538464

Test F1 Score: 0.42857142857142855
 

Train labels: 
[1 1 0 1 0 1 0 0 1 1 1 1 0 0 0 0 0 1 1 1 0 1 1 1 1 1 0 1 0 0]
[1 1 0 1 0 1 0 0 1 1 1 1 0 0 0 0 0 1 1 1 0 1 1 1 1 1 0 1 0 0]

Test labels: 
[0 0 1 0 1 1 1 1 0 1 1 1 0]
[0 1 0 1 0 1 0 1 1 0 0 1 0]

Cross Validation:
[0.66666667 0.33333333 0.66666667 0.         0.5        1.
 0.5        1.         0.5        0.         0.5        0.
 0.5        1.         0.5        1.         0.5        0.
 0.5        0.5       ]
Average CV score: 0.5083333333333333
 

Training ONE model... (SVM)
Best parameters:  {'svc__C': 5.710216401716942, 'svc__gamma': 0.2719285567855864}
	F1: 1.0

Testing...

Test Accuracy Score: 0.6153846153846154

Test F1 Score: 0.761904761904762
 

Train labels: 
[1 1 0 1 0 1 0 0 1 1 1 1 0 0 0 0 0 1 1 1 0 1 1 1 1 1 0 1 0 0]
[1 1 0 1 0 1 0 0 1 1 1 1 0 0 0 0 0 1 1 1 0 1 1 1 1 1 0 1 0 0]

Test labels: 
[0 0 1 0 1 1 1 1 0 1 1 1 0]
[1 1 1 1 1 1 1 1 1 1 1 1 1]

Cross Validation:
[0.66666667 0.33333333 0.33333333 0.5        0.5        0.5
 0.5        0.5        0.5        0.5        0.5        0.5
 0.5        1.         0.5        0.5        0.5        0.5
 0.5        0.5       ]
Average CV score: 0.5166666666666666
 

Training ONE model... (RF)
Best parameters:  {'randomforestclassifier__n_estimators': 50, 'randomforestclassifier__min_samples_split': 2, 'randomforestclassifier__min_samples_leaf': 2, 'randomforestclassifier__max_depth': 90, 'randomforestclassifier__bootstrap': True}
	F1: 1.0

Testing...

Test Accuracy Score: 0.38461538461538464

Test F1 Score: 0.5555555555555556
 

Train labels: 
[1 1 0 1 0 1 0 0 1 1 1 1 0 0 0 0 0 1 1 1 0 1 1 1 1 1 0 1 0 0]
[1 1 0 1 0 1 0 0 1 1 1 1 0 0 0 0 0 1 1 1 0 1 1 1 1 1 0 1 0 0]

Test labels: 
[0 0 1 0 1 1 1 1 0 1 1 1 0]
[1 1 0 1 0 1 1 1 1 1 0 1 1]

Cross Validation:
[0.66666667 0.66666667 0.66666667 0.5        0.5        0.5
 0.5        1.         1.         0.         0.5        0.5
 0.5        0.5        0.5        1.         0.5        0.5
 1.         0.        ]
Average CV score: 0.575
 

Training ONE model... (AdaBoost)
Best parameters:  {'adaboostclassifier__n_estimators': 100, 'adaboostclassifier__learning_rate': 0.2}
	F1: 1.0

Testing...

Test Accuracy Score: 0.6153846153846154

Test F1 Score: 0.7058823529411765
 

Train labels: 
[1 1 0 1 0 1 0 0 1 1 1 1 0 0 0 0 0 1 1 1 0 1 1 1 1 1 0 1 0 0]
[1 1 0 1 0 1 0 0 1 1 1 1 0 0 0 0 0 1 1 1 0 1 1 1 1 1 0 1 0 0]

Test labels: 
[0 0 1 0 1 1 1 1 0 1 1 1 0]
[0 0 1 1 0 1 1 1 1 1 0 1 1]

Cross Validation:
[0.66666667 0.33333333 0.66666667 0.5        0.5        0.5
 1.         0.5        0.5        0.         0.5        0.5
 0.5        1.         0.5        1.         0.5        1.
 1.         0.5       ]
Average CV score: 0.6083333333333333
 

Training ONE model... (LogisticRegression)
Best parameters:  {'logisticregression__C': 0.8022770097059873, 'logisticregression__penalty': 'l1'}
	F1: 0.9375

Testing...

Test Accuracy Score: 0.6153846153846154

Test F1 Score: 0.7058823529411765
 

Train labels: 
[1 1 0 1 0 1 0 0 1 1 1 1 0 0 0 0 0 1 1 1 0 1 1 1 1 1 0 1 0 0]
[1 1 0 0 0 1 0 0 1 1 1 0 0 0 0 0 0 1 1 1 0 1 1 1 1 1 0 1 0 0]

Test labels: 
[0 0 1 0 1 1 1 1 0 1 1 1 0]
[0 1 0 1 0 1 1 1 1 1 1 1 0]

Cross Validation:
[0.66666667 0.33333333 0.33333333 0.         0.         1.
 0.5        1.         0.5        0.         0.5        0.
 0.5        0.5        0.5        1.         0.5        0.5
 0.5        0.5       ]
Average CV score: 0.4666666666666666
 
Selecting the current features
Training and testing models with  all ,  ou

Training ONE model... (linSVM)
Best parameters:  {'linearsvc__C': 0.02660149404459019}
	F1: 0.9032258064516129

Testing...

Test Accuracy Score: 0.5384615384615384

Test F1 Score: 0.625
 

Train labels: 
[1 1 0 1 0 1 0 0 1 1 1 1 0 0 0 0 0 1 1 1 0 1 1 1 1 1 0 1 0 0]
[1 1 0 0 0 1 0 0 1 1 0 1 0 0 0 0 0 1 1 1 0 1 1 0 1 1 0 1 0 0]

Test labels: 
[0 0 1 0 1 1 1 1 0 1 1 1 0]
[0 1 0 1 0 1 1 1 1 0 1 1 0]

Cross Validation:
[0.66666667 0.33333333 0.66666667 0.         1.         1.
 1.         0.5        1.         0.         0.         1.
 1.         1.         0.5        1.         0.5        0.5
 0.5        0.5       ]
Average CV score: 0.6333333333333333
 

Training ONE model... (SVM)
Best parameters:  {'svc__C': 0.6020556041759397, 'svc__gamma': 0.016785534374699988}
	F1: 0.7906976744186047

Testing...

Test Accuracy Score: 0.6153846153846154

Test F1 Score: 0.761904761904762
 

Train labels: 
[1 1 0 1 0 1 0 0 1 1 1 1 0 0 0 0 0 1 1 1 0 1 1 1 1 1 0 1 0 0]
[1 1 0 1 1 1 0 1 1 1 1 1 0 1 0 1 1 1 1 1 1 1 1 1 1 1 1 1 1 1]

Test labels: 
[0 0 1 0 1 1 1 1 0 1 1 1 0]
[1 1 1 1 1 1 1 1 1 1 1 1 1]

Cross Validation:
[0.66666667 0.         0.33333333 0.5        1.         1.
 0.5        1.         0.5        0.         0.5        0.5
 0.5        0.5        0.5        1.         0.5        0.5
 0.5        0.5       ]
Average CV score: 0.55
 

Training ONE model... (RF)
Best parameters:  {'randomforestclassifier__n_estimators': 150, 'randomforestclassifier__min_samples_split': 2, 'randomforestclassifier__min_samples_leaf': 2, 'randomforestclassifier__max_depth': 90, 'randomforestclassifier__bootstrap': True}
	F1: 1.0

Testing...

Test Accuracy Score: 0.46153846153846156

Test F1 Score: 0.631578947368421
 

Train labels: 
[1 1 0 1 0 1 0 0 1 1 1 1 0 0 0 0 0 1 1 1 0 1 1 1 1 1 0 1 0 0]
[1 1 0 1 0 1 0 0 1 1 1 1 0 0 0 0 0 1 1 1 0 1 1 1 1 1 0 1 0 0]

Test labels: 
[0 0 1 0 1 1 1 1 0 1 1 1 0]
[1 1 0 1 0 1 1 1 1 1 1 1 1]

Cross Validation:
[0.66666667 0.66666667 0.66666667 0.         1.         0.5
 0.5        0.5        1.         0.         0.5        0.5
 0.5        0.5        0.5        1.         0.5        0.5
 0.5        0.5       ]
Average CV score: 0.55
 

Training ONE model... (AdaBoost)
Best parameters:  {'adaboostclassifier__n_estimators': 150, 'adaboostclassifier__learning_rate': 0.1}
	F1: 1.0

Testing...

Test Accuracy Score: 0.46153846153846156

Test F1 Score: 0.5882352941176471
 

Train labels: 
[1 1 0 1 0 1 0 0 1 1 1 1 0 0 0 0 0 1 1 1 0 1 1 1 1 1 0 1 0 0]
[1 1 0 1 0 1 0 0 1 1 1 1 0 0 0 0 0 1 1 1 0 1 1 1 1 1 0 1 0 0]

Test labels: 
[0 0 1 0 1 1 1 1 0 1 1 1 0]
[0 1 1 1 0 1 1 1 1 1 0 0 1]

Cross Validation:
[0.33333333 0.33333333 0.66666667 0.5        0.5        0.5
 1.         0.5        1.         0.         0.5        0.5
 0.5        0.5        0.5        1.         0.5        1.
 1.         0.5       ]
Average CV score: 0.5916666666666666
 

Training ONE model... (LogisticRegression)
Best parameters:  {'logisticregression__C': 0.11399013376885274, 'logisticregression__penalty': 'l2'}
	F1: 0.8749999999999999

Testing...

Test Accuracy Score: 0.5384615384615384

Test F1 Score: 0.625
 

Train labels: 
[1 1 0 1 0 1 0 0 1 1 1 1 0 0 0 0 0 1 1 1 0 1 1 1 1 1 0 1 0 0]
[1 1 0 0 0 1 0 1 1 1 0 1 0 0 0 0 0 1 1 1 0 1 1 0 1 1 0 1 0 0]

Test labels: 
[0 0 1 0 1 1 1 1 0 1 1 1 0]
[0 1 0 1 0 1 1 1 1 0 1 1 0]

Cross Validation:
[0.66666667 0.33333333 0.66666667 0.         1.         1.
 1.         1.         1.         0.5        0.         0.5
 0.5        0.5        0.5        1.         0.5        0.5
 0.5        0.5       ]
Average CV score: 0.6083333333333333
 
Selecting the current features
Training and testing models with  all ,  classic

Training ONE model... (linSVM)
Best parameters:  {'linearsvc__C': 0.42050439454128496}
	F1: 0.9696969696969697

Testing...

Test Accuracy Score: 0.46153846153846156

Test F1 Score: 0.5333333333333333
 

Train labels: 
[1 1 0 1 0 1 0 0 1 1 1 1 0 0 0 0 0 1 1 1 0 1 1 1 1 1 0 1 0 0]
[1 1 0 1 0 1 0 0 1 1 1 0 0 0 0 0 0 1 1 1 0 1 1 1 1 1 0 1 0 0]

Test labels: 
[0 0 1 0 1 1 1 1 0 1 1 1 0]
[0 1 0 1 0 1 0 1 1 1 0 1 0]

Cross Validation:
[0.66666667 1.         1.         0.         0.5        0.
 0.         0.5        0.5        0.         1.         0.
 0.5        0.5        0.5        0.5        0.         0.5
 0.5        0.        ]
Average CV score: 0.4083333333333333
 

Training ONE model... (SVM)
Best parameters:  {'svc__C': 0.6757180973637582, 'svc__gamma': 0.025157006338626386}
	F1: 0.8205128205128205

Testing...

Test Accuracy Score: 0.6153846153846154

Test F1 Score: 0.7368421052631579
 

Train labels: 
[1 1 0 1 0 1 0 0 1 1 1 1 0 0 0 0 0 1 1 1 0 1 1 1 1 1 0 1 0 0]
[1 1 1 1 0 1 0 1 1 1 1 0 0 1 0 0 0 1 1 1 1 1 1 1 1 1 1 1 0 1]

Test labels: 
[0 0 1 0 1 1 1 1 0 1 1 1 0]
[0 1 0 1 1 1 1 1 1 1 1 1 1]

Cross Validation:
[0.66666667 0.66666667 0.66666667 1.         0.5        0.
 0.5        0.5        0.5        0.         0.5        0.5
 0.5        0.5        0.5        0.5        0.5        0.5
 0.         0.5       ]
Average CV score: 0.475
 

Training ONE model... (RF)
Best parameters:  {'randomforestclassifier__n_estimators': 150, 'randomforestclassifier__min_samples_split': 8, 'randomforestclassifier__min_samples_leaf': 2, 'randomforestclassifier__max_depth': 90, 'randomforestclassifier__bootstrap': True}
	F1: 1.0

Testing...

Test Accuracy Score: 0.6153846153846154

Test F1 Score: 0.7368421052631579
 

Train labels: 
[1 1 0 1 0 1 0 0 1 1 1 1 0 0 0 0 0 1 1 1 0 1 1 1 1 1 0 1 0 0]
[1 1 0 1 0 1 0 0 1 1 1 1 0 0 0 0 0 1 1 1 0 1 1 1 1 1 0 1 0 0]

Test labels: 
[0 0 1 0 1 1 1 1 0 1 1 1 0]
[0 1 0 1 1 1 1 1 1 1 1 1 1]

Cross Validation:
[0.66666667 1.         1.         0.         0.         0.
 0.5        0.5        1.         0.         0.5        0.5
 0.5        0.         0.5        1.         0.5        0.5
 0.         0.5       ]
Average CV score: 0.4583333333333333
 

Training ONE model... (AdaBoost)
Best parameters:  {'adaboostclassifier__n_estimators': 150, 'adaboostclassifier__learning_rate': 0.01}
	F1: 0.9142857142857143

Testing...

Test Accuracy Score: 0.5384615384615384

Test F1 Score: 0.6666666666666665
 

Train labels: 
[1 1 0 1 0 1 0 0 1 1 1 1 0 0 0 0 0 1 1 1 0 1 1 1 1 1 0 1 0 0]
[1 1 0 0 0 1 1 0 1 1 1 1 1 0 0 0 0 1 1 1 0 1 1 1 1 1 0 1 0 0]

Test labels: 
[0 0 1 0 1 1 1 1 0 1 1 1 0]
[0 1 0 1 0 1 1 1 1 1 1 1 1]

Cross Validation:
[0.66666667 0.66666667 0.66666667 0.5        0.5        0.5
 0.5        0.5        0.5        0.         0.5        0.5
 0.5        0.5        0.5        0.         0.         0.5
 0.         0.5       ]
Average CV score: 0.425
 

Training ONE model... (LogisticRegression)
Best parameters:  {'logisticregression__C': 0.6321586656090263, 'logisticregression__penalty': 'l1'}
	F1: 0.9032258064516129

Testing...

Test Accuracy Score: 0.5384615384615384

Test F1 Score: 0.625
 

Train labels: 
[1 1 0 1 0 1 0 0 1 1 1 1 0 0 0 0 0 1 1 1 0 1 1 1 1 1 0 1 0 0]
[1 1 0 1 0 1 0 0 1 1 1 0 0 0 0 0 0 0 1 1 0 1 1 1 0 1 0 1 0 0]

Test labels: 
[0 0 1 0 1 1 1 1 0 1 1 1 0]
[0 1 0 1 0 1 1 1 1 1 0 1 0]

Cross Validation:
[0.66666667 0.33333333 0.66666667 0.         0.5        0.
 0.         0.5        0.5        0.         1.         0.
 0.5        0.5        0.5        0.5        0.5        0.5
 0.5        0.        ]
Average CV score: 0.3833333333333333
 
Selecting the current features
Training and testing models with  fix ,  all

Training ONE model... (linSVM)
Best parameters:  {'linearsvc__C': 56.28814237481309}
	F1: 1.0

Testing...

Test Accuracy Score: 0.5384615384615384

Test F1 Score: 0.6666666666666665
 

Train labels: 
[1 1 0 1 0 1 0 0 1 1 1 1 0 0 0 0 0 1 1 1 0 1 1 1 1 1 0 1 0 0]
[1 1 0 1 0 1 0 0 1 1 1 1 0 0 0 0 0 1 1 1 0 1 1 1 1 1 0 1 0 0]

Test labels: 
[0 0 1 0 1 1 1 1 0 1 1 1 0]
[1 1 0 1 1 1 1 1 1 1 0 1 0]

Cross Validation:
[0.66666667 0.33333333 0.33333333 0.         1.         1.
 0.5        0.5        0.         0.5        0.5        0.5
 0.5        0.5        0.5        1.         0.5        1.
 1.         1.        ]
Average CV score: 0.5916666666666666
 

Training ONE model... (SVM)
Best parameters:  {'svc__C': 8.255074419406608, 'svc__gamma': 0.21186980305837289}
	F1: 1.0

Testing...

Test Accuracy Score: 0.46153846153846156

Test F1 Score: 0.631578947368421
 

Train labels: 
[1 1 0 1 0 1 0 0 1 1 1 1 0 0 0 0 0 1 1 1 0 1 1 1 1 1 0 1 0 0]
[1 1 0 1 0 1 0 0 1 1 1 1 0 0 0 0 0 1 1 1 0 1 1 1 1 1 0 1 0 0]

Test labels: 
[0 0 1 0 1 1 1 1 0 1 1 1 0]
[1 1 0 1 0 1 1 1 1 1 1 1 1]

Cross Validation:
[0.66666667 0.66666667 0.66666667 1.         1.         0.5
 0.5        0.5        0.5        0.5        0.5        0.5
 0.5        0.5        0.5        0.5        0.5        0.5
 0.5        0.5       ]
Average CV score: 0.575
 

Training ONE model... (RF)
Best parameters:  {'randomforestclassifier__n_estimators': 100, 'randomforestclassifier__min_samples_split': 2, 'randomforestclassifier__min_samples_leaf': 4, 'randomforestclassifier__max_depth': 90, 'randomforestclassifier__bootstrap': False}
	F1: 0.9714285714285714

Testing...

Test Accuracy Score: 0.6153846153846154

Test F1 Score: 0.7368421052631579
 

Train labels: 
[1 1 0 1 0 1 0 0 1 1 1 1 0 0 0 0 0 1 1 1 0 1 1 1 1 1 0 1 0 0]
[1 1 0 1 0 1 0 0 1 1 1 1 1 0 0 0 0 1 1 1 0 1 1 1 1 1 0 1 0 0]

Test labels: 
[0 0 1 0 1 1 1 1 0 1 1 1 0]
[1 0 0 1 1 1 1 1 1 1 1 1 1]

Cross Validation:
[0.33333333 1.         0.33333333 0.5        1.         0.5
 0.5        0.5        1.         0.         0.         0.5
 0.5        0.5        0.5        1.         1.         1.
 1.         0.5       ]
Average CV score: 0.6083333333333333
 

Training ONE model... (AdaBoost)
Best parameters:  {'adaboostclassifier__n_estimators': 150, 'adaboostclassifier__learning_rate': 0.2}
	F1: 1.0

Testing...

Test Accuracy Score: 0.3076923076923077

Test F1 Score: 0.47058823529411764
 

Train labels: 
[1 1 0 1 0 1 0 0 1 1 1 1 0 0 0 0 0 1 1 1 0 1 1 1 1 1 0 1 0 0]
[1 1 0 1 0 1 0 0 1 1 1 1 0 0 0 0 0 1 1 1 0 1 1 1 1 1 0 1 0 0]

Test labels: 
[0 0 1 0 1 1 1 1 0 1 1 1 0]
[1 1 0 1 0 1 1 1 1 0 0 1 1]

Cross Validation:
[0.33333333 0.33333333 0.33333333 0.         1.         0.5
 0.         1.         0.5        0.         0.         0.5
 0.5        0.         0.5        1.         0.5        0.5
 0.5        0.5       ]
Average CV score: 0.425
 

Training ONE model... (LogisticRegression)
Best parameters:  {'logisticregression__C': 5.653611285225311, 'logisticregression__penalty': 'l2'}
	F1: 0.9696969696969697

Testing...

Test Accuracy Score: 0.5384615384615384

Test F1 Score: 0.7000000000000001
 

Train labels: 
[1 1 0 1 0 1 0 0 1 1 1 1 0 0 0 0 0 1 1 1 0 1 1 1 1 1 0 1 0 0]
[1 1 0 0 0 1 0 0 1 1 1 1 0 0 0 0 0 1 1 1 0 1 1 1 1 1 0 1 0 0]

Test labels: 
[0 0 1 0 1 1 1 1 0 1 1 1 0]
[1 1 0 1 1 1 1 1 1 1 1 1 1]

Cross Validation:
[0.33333333 0.33333333 0.66666667 0.         1.         1.
 0.5        0.5        0.         0.         0.5        1.
 0.5        0.5        0.         1.         0.5        0.5
 0.5        0.5       ]
Average CV score: 0.4916666666666666
 
Selecting the current features
Training and testing models with  fix ,  ou

Training ONE model... (linSVM)
Best parameters:  {'linearsvc__C': 0.421220754136881}
	F1: 0.9375

Testing...

Test Accuracy Score: 0.5384615384615384

Test F1 Score: 0.7000000000000001
 

Train labels: 
[1 1 0 1 0 1 0 0 1 1 1 1 0 0 0 0 0 1 1 1 0 1 1 1 1 1 0 1 0 0]
[1 1 0 0 0 1 0 0 1 1 1 1 0 0 0 0 0 1 1 1 0 1 1 0 1 1 0 1 0 0]

Test labels: 
[0 0 1 0 1 1 1 1 0 1 1 1 0]
[1 1 0 1 1 1 1 1 1 1 1 1 1]

Cross Validation:
[0.         0.33333333 0.33333333 0.         1.         0.5
 1.         0.5        0.         0.5        0.5        1.
 0.5        0.5        0.5        1.         0.5        1.
 1.         1.        ]
Average CV score: 0.5833333333333333
 

Training ONE model... (SVM)
Best parameters:  {'svc__C': 12.895959901488524, 'svc__gamma': 0.31272071013871683}
	F1: 1.0

Testing...

Test Accuracy Score: 0.5384615384615384

Test F1 Score: 0.6666666666666665
 

Train labels: 
[1 1 0 1 0 1 0 0 1 1 1 1 0 0 0 0 0 1 1 1 0 1 1 1 1 1 0 1 0 0]
[1 1 0 1 0 1 0 0 1 1 1 1 0 0 0 0 0 1 1 1 0 1 1 1 1 1 0 1 0 0]

Test labels: 
[0 0 1 0 1 1 1 1 0 1 1 1 0]
[1 0 0 1 0 1 1 1 1 1 1 1 1]

Cross Validation:
[0.66666667 0.66666667 0.66666667 0.5        1.         0.5
 0.         0.5        0.5        0.5        0.         0.5
 0.5        0.5        0.         1.         0.5        0.5
 1.         0.5       ]
Average CV score: 0.525
 

Training ONE model... (RF)
Best parameters:  {'randomforestclassifier__n_estimators': 100, 'randomforestclassifier__min_samples_split': 2, 'randomforestclassifier__min_samples_leaf': 6, 'randomforestclassifier__max_depth': 90, 'randomforestclassifier__bootstrap': True}
	F1: 0.8749999999999999

Testing...

Test Accuracy Score: 0.8461538461538461

Test F1 Score: 0.875
 

Train labels: 
[1 1 0 1 0 1 0 0 1 1 1 1 0 0 0 0 0 1 1 1 0 1 1 1 1 1 0 1 0 0]
[0 1 0 0 0 1 0 0 1 1 1 1 1 0 0 0 0 1 1 1 0 1 1 0 1 1 0 1 0 0]

Test labels: 
[0 0 1 0 1 1 1 1 0 1 1 1 0]
[0 0 0 0 1 1 1 1 0 1 1 1 1]

Cross Validation:
[0.33333333 1.         0.33333333 0.5        1.         0.5
 0.5        1.         1.         0.         0.5        1.
 0.5        0.5        0.5        1.         1.         1.
 0.5        0.        ]
Average CV score: 0.6333333333333333
 

Training ONE model... (AdaBoost)
Best parameters:  {'adaboostclassifier__n_estimators': 50, 'adaboostclassifier__learning_rate': 0.2}
	F1: 1.0

Testing...

Test Accuracy Score: 0.46153846153846156

Test F1 Score: 0.631578947368421
 

Train labels: 
[1 1 0 1 0 1 0 0 1 1 1 1 0 0 0 0 0 1 1 1 0 1 1 1 1 1 0 1 0 0]
[1 1 0 1 0 1 0 0 1 1 1 1 0 0 0 0 0 1 1 1 0 1 1 1 1 1 0 1 0 0]

Test labels: 
[0 0 1 0 1 1 1 1 0 1 1 1 0]
[1 1 0 1 1 1 1 1 1 1 0 1 1]

Cross Validation:
[0.33333333 0.33333333 0.33333333 0.         1.         0.5
 0.5        0.5        0.5        0.         0.5        1.
 0.         0.5        0.5        0.5        0.5        0.5
 0.5        0.5       ]
Average CV score: 0.45
 

Training ONE model... (LogisticRegression)
Best parameters:  {'logisticregression__C': 3.968419199380251, 'logisticregression__penalty': 'l1'}
	F1: 0.9696969696969697

Testing...

Test Accuracy Score: 0.6923076923076923

Test F1 Score: 0.8
 

Train labels: 
[1 1 0 1 0 1 0 0 1 1 1 1 0 0 0 0 0 1 1 1 0 1 1 1 1 1 0 1 0 0]
[1 1 0 0 0 1 0 0 1 1 1 1 0 0 0 0 0 1 1 1 0 1 1 1 1 1 0 1 0 0]

Test labels: 
[0 0 1 0 1 1 1 1 0 1 1 1 0]
[1 1 1 1 1 1 1 1 1 1 1 1 0]

Cross Validation:
[0.33333333 0.33333333 0.66666667 0.         1.         1.
 0.5        0.5        0.         0.         0.5        1.
 0.5        0.5        0.5        1.         0.5        0.5
 1.         1.        ]
Average CV score: 0.5666666666666667
 
Selecting the current features
Training and testing models with  fix ,  classic

Training ONE model... (linSVM)
Best parameters:  {'linearsvc__C': 0.1386511274914298}
	F1: 0.6060606060606061

Testing...

Test Accuracy Score: 0.38461538461538464

Test F1 Score: 0.42857142857142855
 

Train labels: 
[1 1 0 1 0 1 0 0 1 1 1 1 0 0 0 0 0 1 1 1 0 1 1 1 1 1 0 1 0 0]
[0 0 0 1 1 1 1 0 0 1 1 0 0 0 1 0 1 1 1 1 1 0 0 1 1 0 0 1 1 0]

Test labels: 
[0 0 1 0 1 1 1 1 0 1 1 1 0]
[0 1 0 1 0 0 1 1 1 0 0 1 0]

Cross Validation:
[0.33333333 0.33333333 0.66666667 0.5        1.         0.5
 0.5        0.5        0.5        0.5        0.         0.5
 1.         0.         0.5        0.5        1.         1.
 0.5        0.5       ]
Average CV score: 0.5416666666666666
 

Training ONE model... (SVM)
Best parameters:  {'svc__C': 1.9920441589583926, 'svc__gamma': 0.01853990157706256}
	F1: 0.7234042553191489

Testing...

Test Accuracy Score: 0.6153846153846154

Test F1 Score: 0.761904761904762
 

Train labels: 
[1 1 0 1 0 1 0 0 1 1 1 1 0 0 0 0 0 1 1 1 0 1 1 1 1 1 0 1 0 0]
[1 1 1 1 1 1 1 1 1 1 1 1 1 1 1 1 1 1 1 1 1 1 1 1 1 1 1 1 1 1]

Test labels: 
[0 0 1 0 1 1 1 1 0 1 1 1 0]
[1 1 1 1 1 1 1 1 1 1 1 1 1]

Cross Validation:
[0.33333333 1.         1.         1.         1.         1.
 0.5        0.5        0.5        0.         0.5        0.5
 1.         0.         0.5        1.         1.         0.5
 0.5        1.        ]
Average CV score: 0.6666666666666666
 

Training ONE model... (RF)
Best parameters:  {'randomforestclassifier__n_estimators': 150, 'randomforestclassifier__min_samples_split': 2, 'randomforestclassifier__min_samples_leaf': 4, 'randomforestclassifier__max_depth': 90, 'randomforestclassifier__bootstrap': False}
	F1: 0.8125

Testing...

Test Accuracy Score: 0.6153846153846154

Test F1 Score: 0.6153846153846154
 

Train labels: 
[1 1 0 1 0 1 0 0 1 1 1 1 0 0 0 0 0 1 1 1 0 1 1 1 1 1 0 1 0 0]
[0 0 0 1 0 1 0 0 1 0 1 1 0 0 1 0 0 1 0 1 0 1 1 1 1 1 0 1 1 0]

Test labels: 
[0 0 1 0 1 1 1 1 0 1 1 1 0]
[0 0 0 0 1 0 1 0 0 0 1 1 1]

Cross Validation:
[0.33333333 1.         0.66666667 1.         0.5        0.5
 0.5        1.         0.5        0.         0.5        1.
 1.         0.         0.5        1.         1.         0.5
 0.5        1.        ]
Average CV score: 0.65
 

Training ONE model... (AdaBoost)
Best parameters:  {'adaboostclassifier__n_estimators': 50, 'adaboostclassifier__learning_rate': 0.1}
	F1: 0.8717948717948718

Testing...

Test Accuracy Score: 0.46153846153846156

Test F1 Score: 0.631578947368421
 

Train labels: 
[1 1 0 1 0 1 0 0 1 1 1 1 0 0 0 0 0 1 1 1 0 1 1 1 1 1 0 1 0 0]
[1 1 1 1 0 1 1 0 1 1 1 1 0 0 1 0 0 1 1 1 0 1 1 1 1 1 0 1 1 1]

Test labels: 
[0 0 1 0 1 1 1 1 0 1 1 1 0]
[1 1 0 1 1 0 1 1 1 1 1 1 1]

Cross Validation:
[0.33333333 1.         1.         1.         1.         1.
 0.5        0.5        0.5        0.         0.5        0.5
 1.         0.         0.5        0.5        1.         0.5
 0.5        1.        ]
Average CV score: 0.6416666666666666
 

Training ONE model... (LogisticRegression)
Best parameters:  {'logisticregression__C': 0.5381453649282087, 'logisticregression__penalty': 'l1'}
	F1: 0.0

Testing...

Test Accuracy Score: 0.38461538461538464

Test F1 Score: 0.0
 

Train labels: 
[1 1 0 1 0 1 0 0 1 1 1 1 0 0 0 0 0 1 1 1 0 1 1 1 1 1 0 1 0 0]
[0 0 0 0 0 0 0 0 0 0 0 0 0 0 0 0 0 0 0 0 0 0 0 0 0 0 0 0 0 0]

Test labels: 
[0 0 1 0 1 1 1 1 0 1 1 1 0]
[0 0 0 0 0 0 0 0 0 0 0 0 0]

Cross Validation:
[0.33333333 0.33333333 0.66666667 0.5        1.         0.5
 0.5        0.5        0.5        0.5        0.         0.5
 1.         0.         0.5        0.5        1.         1.
 0.5        0.5       ]
Average CV score: 0.5416666666666666
 
Selecting the current features
Training and testing models with  sac ,  all

Training ONE model... (linSVM)
Best parameters:  {'linearsvc__C': 0.07243533520530232}
	F1: 0.9696969696969697

Testing...

Test Accuracy Score: 0.3076923076923077

Test F1 Score: 0.39999999999999997
 

Train labels: 
[1 1 0 1 0 1 0 0 1 1 1 1 0 0 0 0 0 1 1 1 0 1 1 1 1 1 0 1 0 0]
[1 1 0 1 0 1 0 0 1 1 1 0 0 0 0 0 0 1 1 1 0 1 1 1 1 1 0 1 0 0]

Test labels: 
[0 0 1 0 1 1 1 1 0 1 1 1 0]
[1 1 0 1 0 1 0 1 1 0 0 1 0]

Cross Validation:
[0.66666667 1.         1.         0.5        0.         1.
 0.5        1.         0.5        0.5        0.5        0.5
 0.5        1.         0.5        1.         0.5        0.5
 0.5        0.5       ]
Average CV score: 0.6333333333333333
 

Training ONE model... (SVM)
Best parameters:  {'svc__C': 0.6403302849276628, 'svc__gamma': 0.016529552410840028}
	F1: 0.7906976744186047

Testing...

Test Accuracy Score: 0.6153846153846154

Test F1 Score: 0.761904761904762
 

Train labels: 
[1 1 0 1 0 1 0 0 1 1 1 1 0 0 0 0 0 1 1 1 0 1 1 1 1 1 0 1 0 0]
[1 1 1 1 1 1 0 1 1 1 1 1 0 1 1 0 1 1 1 1 1 1 1 1 1 1 1 1 0 1]

Test labels: 
[0 0 1 0 1 1 1 1 0 1 1 1 0]
[1 1 1 1 1 1 1 1 1 1 1 1 1]

Cross Validation:
[0.66666667 0.66666667 0.33333333 1.         0.         0.5
 0.5        0.5        0.5        0.5        0.5        0.5
 0.5        0.         0.5        1.         0.5        0.5
 0.5        0.5       ]
Average CV score: 0.5083333333333333
 

Training ONE model... (RF)
Best parameters:  {'randomforestclassifier__n_estimators': 50, 'randomforestclassifier__min_samples_split': 5, 'randomforestclassifier__min_samples_leaf': 2, 'randomforestclassifier__max_depth': 90, 'randomforestclassifier__bootstrap': False}
	F1: 1.0

Testing...

Test Accuracy Score: 0.46153846153846156

Test F1 Score: 0.5882352941176471
 

Train labels: 
[1 1 0 1 0 1 0 0 1 1 1 1 0 0 0 0 0 1 1 1 0 1 1 1 1 1 0 1 0 0]
[1 1 0 1 0 1 0 0 1 1 1 1 0 0 0 0 0 1 1 1 0 1 1 1 1 1 0 1 0 0]

Test labels: 
[0 0 1 0 1 1 1 1 0 1 1 1 0]
[1 1 0 1 0 1 1 1 1 1 0 1 0]

Cross Validation:
[0.66666667 0.33333333 1.         0.5        0.         0.
 0.5        0.5        0.         0.         0.5        0.5
 0.5        0.5        0.5        0.5        0.         0.5
 1.         0.        ]
Average CV score: 0.4
 

Training ONE model... (AdaBoost)
Best parameters:  {'adaboostclassifier__n_estimators': 150, 'adaboostclassifier__learning_rate': 0.01}
	F1: 1.0

Testing...

Test Accuracy Score: 0.6153846153846154

Test F1 Score: 0.7368421052631579
 

Train labels: 
[1 1 0 1 0 1 0 0 1 1 1 1 0 0 0 0 0 1 1 1 0 1 1 1 1 1 0 1 0 0]
[1 1 0 1 0 1 0 0 1 1 1 1 0 0 0 0 0 1 1 1 0 1 1 1 1 1 0 1 0 0]

Test labels: 
[0 0 1 0 1 1 1 1 0 1 1 1 0]
[1 0 1 1 1 1 1 1 1 1 0 1 1]

Cross Validation:
[1.         0.33333333 1.         1.         0.         0.5
 1.         1.         0.5        0.         0.5        0.5
 0.5        0.5        0.5        1.         0.         0.5
 1.         0.5       ]
Average CV score: 0.5916666666666666
 

Training ONE model... (LogisticRegression)
Best parameters:  {'logisticregression__C': 2.9871518995638158, 'logisticregression__penalty': 'l2'}
	F1: 1.0

Testing...

Test Accuracy Score: 0.38461538461538464

Test F1 Score: 0.5
 

Train labels: 
[1 1 0 1 0 1 0 0 1 1 1 1 0 0 0 0 0 1 1 1 0 1 1 1 1 1 0 1 0 0]
[1 1 0 1 0 1 0 0 1 1 1 1 0 0 0 0 0 1 1 1 0 1 1 1 1 1 0 1 0 0]

Test labels: 
[0 0 1 0 1 1 1 1 0 1 1 1 0]
[1 1 0 1 1 1 0 1 1 0 0 1 0]

Cross Validation:
[0.66666667 0.33333333 0.66666667 1.         0.         1.
 0.5        1.         0.5        0.         0.5        0.
 0.5        1.         0.5        1.         0.         0.
 0.5        0.5       ]
Average CV score: 0.5083333333333333
 
Selecting the current features
Training and testing models with  sac ,  ou

Training ONE model... (linSVM)
Best parameters:  {'linearsvc__C': 0.022897308563180025}
	F1: 0.8749999999999999

Testing...

Test Accuracy Score: 0.38461538461538464

Test F1 Score: 0.5
 

Train labels: 
[1 1 0 1 0 1 0 0 1 1 1 1 0 0 0 0 0 1 1 1 0 1 1 1 1 1 0 1 0 0]
[1 0 0 1 0 1 0 1 1 1 0 1 0 0 0 0 0 1 1 1 0 1 1 0 1 1 0 1 0 0]

Test labels: 
[0 0 1 0 1 1 1 1 0 1 1 1 0]
[1 1 0 1 0 1 1 1 1 0 0 1 0]

Cross Validation:
[0.66666667 0.33333333 0.66666667 1.         0.5        1.
 0.5        0.5        0.5        0.5        0.         0.5
 0.5        0.5        1.         1.         0.5        0.5
 1.         0.        ]
Average CV score: 0.5833333333333333
 

Training ONE model... (SVM)
Best parameters:  {'svc__C': 0.05580169249188792, 'svc__gamma': 0.04133982438391173}
	F1: 0.7234042553191489

Testing...

Test Accuracy Score: 0.6153846153846154

Test F1 Score: 0.761904761904762
 

Train labels: 
[1 1 0 1 0 1 0 0 1 1 1 1 0 0 0 0 0 1 1 1 0 1 1 1 1 1 0 1 0 0]
[1 1 1 1 1 1 1 1 1 1 1 1 1 1 1 1 1 1 1 1 1 1 1 1 1 1 1 1 1 1]

Test labels: 
[0 0 1 0 1 1 1 1 0 1 1 1 0]
[1 1 1 1 1 1 1 1 1 1 1 1 1]

Cross Validation:
[0.66666667 0.33333333 0.66666667 1.         1.         1.
 0.5        0.5        0.5        0.5        0.5        0.5
 0.5        0.5        0.5        1.         0.5        0.5
 0.5        0.5       ]
Average CV score: 0.6083333333333333
 

Training ONE model... (RF)
Best parameters:  {'randomforestclassifier__n_estimators': 50, 'randomforestclassifier__min_samples_split': 2, 'randomforestclassifier__min_samples_leaf': 4, 'randomforestclassifier__max_depth': 90, 'randomforestclassifier__bootstrap': True}
	F1: 0.9375

Testing...

Test Accuracy Score: 0.38461538461538464

Test F1 Score: 0.5
 

Train labels: 
[1 1 0 1 0 1 0 0 1 1 1 1 0 0 0 0 0 1 1 1 0 1 1 1 1 1 0 1 0 0]
[1 1 0 1 0 1 0 0 1 1 0 1 0 0 0 0 0 1 1 1 0 1 1 1 0 1 0 1 0 0]

Test labels: 
[0 0 1 0 1 1 1 1 0 1 1 1 0]
[1 1 0 1 0 1 1 1 1 0 1 0 0]

Cross Validation:
[0.66666667 0.33333333 0.66666667 0.5        0.5        1.
 1.         0.5        0.5        1.         0.5        0.5
 1.         0.5        0.5        1.         0.5        0.5
 0.5        0.5       ]
Average CV score: 0.6333333333333333
 

Training ONE model... (AdaBoost)
Best parameters:  {'adaboostclassifier__n_estimators': 50, 'adaboostclassifier__learning_rate': 0.1}
	F1: 1.0

Testing...

Test Accuracy Score: 0.38461538461538464

Test F1 Score: 0.42857142857142855
 

Train labels: 
[1 1 0 1 0 1 0 0 1 1 1 1 0 0 0 0 0 1 1 1 0 1 1 1 1 1 0 1 0 0]
[1 1 0 1 0 1 0 0 1 1 1 1 0 0 0 0 0 1 1 1 0 1 1 1 1 1 0 1 0 0]

Test labels: 
[0 0 1 0 1 1 1 1 0 1 1 1 0]
[0 0 0 1 0 1 1 1 1 0 0 0 1]

Cross Validation:
[1.         0.33333333 1.         1.         0.5        0.5
 1.         1.         0.5        0.         0.         0.5
 1.         0.         0.5        1.         0.5        0.5
 1.         0.5       ]
Average CV score: 0.6166666666666666
 

Training ONE model... (LogisticRegression)
Best parameters:  {'logisticregression__C': 0.23727658867018825, 'logisticregression__penalty': 'l2'}
	F1: 0.8749999999999999

Testing...

Test Accuracy Score: 0.38461538461538464

Test F1 Score: 0.5
 

Train labels: 
[1 1 0 1 0 1 0 0 1 1 1 1 0 0 0 0 0 1 1 1 0 1 1 1 1 1 0 1 0 0]
[1 0 0 1 0 1 0 1 1 1 0 1 0 0 0 0 0 1 1 1 0 1 1 0 1 1 0 1 0 0]

Test labels: 
[0 0 1 0 1 1 1 1 0 1 1 1 0]
[1 1 0 1 0 1 1 1 1 0 0 1 0]

Cross Validation:
[0.66666667 0.33333333 0.66666667 0.5        0.5        1.
 0.5        1.         0.         0.5        0.         0.5
 1.         1.         1.         1.         0.5        0.5
 1.         0.5       ]
Average CV score: 0.6333333333333333
 
Selecting the current features
Training and testing models with  sac ,  classic

Training ONE model... (linSVM)
Best parameters:  {'linearsvc__C': 1.371277578384359}
	F1: 0.8387096774193549

Testing...

Test Accuracy Score: 0.46153846153846156

Test F1 Score: 0.5882352941176471
 

Train labels: 
[1 1 0 1 0 1 0 0 1 1 1 1 0 0 0 0 0 1 1 1 0 1 1 1 1 1 0 1 0 0]
[1 1 0 1 0 1 0 0 0 0 1 0 0 0 0 0 0 1 1 1 0 1 0 1 1 1 1 1 0 0]

Test labels: 
[0 0 1 0 1 1 1 1 0 1 1 1 0]
[0 1 0 1 1 1 0 1 1 1 0 1 1]

Cross Validation:
[0.33333333 1.         0.66666667 1.         0.5        0.
 0.         0.         0.5        0.         1.         0.5
 0.5        1.         0.5        0.5        0.         1.
 0.5        0.        ]
Average CV score: 0.475
 

Training ONE model... (SVM)
Best parameters:  {'svc__C': 0.6525719401787253, 'svc__gamma': 0.03182388675866943}
	F1: 0.8235294117647058

Testing...

Test Accuracy Score: 0.6153846153846154

Test F1 Score: 0.7368421052631579
 

Train labels: 
[1 1 0 1 0 1 0 0 1 1 1 1 0 0 0 0 0 1 1 1 0 1 1 1 1 1 0 1 0 0]
[1 1 1 1 0 1 0 0 1 1 1 0 0 0 0 0 0 0 1 1 1 1 1 1 0 1 1 1 0 0]

Test labels: 
[0 0 1 0 1 1 1 1 0 1 1 1 0]
[0 1 0 1 1 1 1 1 1 1 1 1 1]

Cross Validation:
[0.66666667 0.66666667 0.66666667 1.         0.5        0.
 0.5        0.5        1.         0.5        0.5        0.
 0.5        0.5        0.5        0.5        0.5        0.
 0.5        0.        ]
Average CV score: 0.475
 

Training ONE model... (RF)
Best parameters:  {'randomforestclassifier__n_estimators': 50, 'randomforestclassifier__min_samples_split': 2, 'randomforestclassifier__min_samples_leaf': 6, 'randomforestclassifier__max_depth': 90, 'randomforestclassifier__bootstrap': True}
	F1: 0.8387096774193549

Testing...

Test Accuracy Score: 0.46153846153846156

Test F1 Score: 0.5882352941176471
 

Train labels: 
[1 1 0 1 0 1 0 0 1 1 1 1 0 0 0 0 0 1 1 1 0 1 1 1 1 1 0 1 0 0]
[1 0 1 0 0 1 0 0 1 1 1 1 0 0 0 0 0 0 1 1 0 1 1 1 0 1 0 1 0 0]

Test labels: 
[0 0 1 0 1 1 1 1 0 1 1 1 0]
[1 1 0 1 1 0 1 1 1 1 0 1 0]

Cross Validation:
[1.         1.         0.66666667 1.         0.         0.
 0.5        0.5        0.5        0.         1.         0.5
 0.5        1.         0.5        0.5        0.5        0.5
 0.5        0.        ]
Average CV score: 0.5333333333333333
 

Training ONE model... (AdaBoost)
Best parameters:  {'adaboostclassifier__n_estimators': 50, 'adaboostclassifier__learning_rate': 0.1}
	F1: 1.0

Testing...

Test Accuracy Score: 0.5384615384615384

Test F1 Score: 0.6666666666666665
 

Train labels: 
[1 1 0 1 0 1 0 0 1 1 1 1 0 0 0 0 0 1 1 1 0 1 1 1 1 1 0 1 0 0]
[1 1 0 1 0 1 0 0 1 1 1 1 0 0 0 0 0 1 1 1 0 1 1 1 1 1 0 1 0 0]

Test labels: 
[0 0 1 0 1 1 1 1 0 1 1 1 0]
[1 0 0 1 1 1 1 1 1 1 0 1 1]

Cross Validation:
[0.66666667 1.         1.         0.5        0.5        0.5
 0.         0.5        0.5        0.         1.         0.
 0.5        0.5        0.5        0.5        0.         0.
 0.5        0.5       ]
Average CV score: 0.4583333333333333
 

Training ONE model... (LogisticRegression)
Best parameters:  {'logisticregression__C': 0.6659592380237538, 'logisticregression__penalty': 'l1'}
	F1: 0.7333333333333334

Testing...

Test Accuracy Score: 0.5384615384615384

Test F1 Score: 0.6666666666666665
 

Train labels: 
[1 1 0 1 0 1 0 0 1 1 1 1 0 0 0 0 0 1 1 1 0 1 1 1 1 1 0 1 0 0]
[1 1 1 0 0 1 0 0 0 0 1 0 0 0 0 0 0 0 1 1 0 1 1 1 0 1 1 1 0 0]

Test labels: 
[0 0 1 0 1 1 1 1 0 1 1 1 0]
[0 1 0 1 1 1 1 1 1 1 0 1 1]

Cross Validation:
[0.66666667 1.         0.66666667 1.         0.5        0.
 0.         0.5        0.5        0.         1.         0.5
 0.5        1.         0.5        0.5        0.         1.
 1.         0.        ]
Average CV score: 0.5416666666666666
 
Selecting the current features
Training and testing models with  pupil ,  _

Training ONE model... (linSVM)
Best parameters:  {'linearsvc__C': 4.37899496445218}
	F1: 0.7428571428571428

Testing...

Test Accuracy Score: 0.6153846153846154

Test F1 Score: 0.6666666666666666
 

Train labels: 
[1 1 0 1 0 1 0 0 1 1 1 1 0 0 0 0 0 1 1 1 0 1 1 1 1 1 0 1 0 0]
[1 1 0 0 1 0 0 0 1 0 1 1 1 1 0 1 0 1 1 1 0 0 1 1 1 1 0 1 0 1]

Test labels: 
[0 0 1 0 1 1 1 1 0 1 1 1 0]
[0 0 1 1 0 1 1 0 0 1 1 0 1]

Cross Validation:
[0.66666667 0.33333333 0.66666667 0.         1.         1.
 0.5        0.5        1.         0.         0.5        1.
 0.5        0.5        0.5        1.         1.         1.
 0.5        1.        ]
Average CV score: 0.6583333333333333
 

Training ONE model... (SVM)
Best parameters:  {'svc__C': 2.513378772466792, 'svc__gamma': 0.019034718010644464}
	F1: 0.7555555555555554

Testing...

Test Accuracy Score: 0.6153846153846154

Test F1 Score: 0.7368421052631579
 

Train labels: 
[1 1 0 1 0 1 0 0 1 1 1 1 0 0 0 0 0 1 1 1 0 1 1 1 1 1 0 1 0 0]
[1 1 1 1 1 1 1 1 1 1 1 1 1 1 0 1 0 1 1 1 1 1 1 1 1 1 1 1 1 1]

Test labels: 
[0 0 1 0 1 1 1 1 0 1 1 1 0]
[0 1 1 1 0 1 1 1 1 1 1 1 1]

Cross Validation:
[0.66666667 0.66666667 0.66666667 0.         1.         0.5
 0.5        0.5        0.5        0.         0.5        0.5
 0.5        0.5        0.5        0.5        0.5        0.5
 0.         0.5       ]
Average CV score: 0.475
 

Training ONE model... (RF)
Best parameters:  {'randomforestclassifier__n_estimators': 50, 'randomforestclassifier__min_samples_split': 8, 'randomforestclassifier__min_samples_leaf': 2, 'randomforestclassifier__max_depth': 90, 'randomforestclassifier__bootstrap': True}
	F1: 0.7272727272727272

Testing...

Test Accuracy Score: 0.6923076923076923

Test F1 Score: 0.7142857142857143
 

Train labels: 
[1 1 0 1 0 1 0 0 1 1 1 1 0 0 0 0 0 1 1 1 0 1 1 1 1 1 0 1 0 0]
[1 1 0 0 1 0 0 0 1 0 1 1 1 1 0 1 0 1 1 0 0 0 1 1 1 1 0 1 0 0]

Test labels: 
[0 0 1 0 1 1 1 1 0 1 1 1 0]
[0 0 1 0 0 1 1 0 0 1 1 0 1]

Cross Validation:
[0.66666667 0.66666667 0.33333333 0.         1.         1.
 0.5        0.5        1.         0.         0.5        1.
 1.         0.5        0.5        0.5        0.5        1.
 0.5        1.        ]
Average CV score: 0.6333333333333333
 

Training ONE model... (AdaBoost)
Best parameters:  {'adaboostclassifier__n_estimators': 50, 'adaboostclassifier__learning_rate': 0.01}
	F1: 0.8333333333333333

Testing...

Test Accuracy Score: 0.6153846153846154

Test F1 Score: 0.6666666666666666
 

Train labels: 
[1 1 0 1 0 1 0 0 1 1 1 1 0 0 0 0 0 1 1 1 0 1 1 1 1 1 0 1 0 0]
[1 1 0 0 1 1 0 0 1 1 1 1 1 1 0 1 0 1 1 1 0 0 1 1 1 1 0 1 0 0]

Test labels: 
[0 0 1 0 1 1 1 1 0 1 1 1 0]
[0 0 1 1 0 1 1 0 0 1 1 0 1]

Cross Validation:
[0.66666667 1.         0.66666667 0.         1.         1.
 0.5        0.5        1.         0.         0.5        0.5
 0.5        0.5        0.5        0.5        0.5        1.
 0.         1.        ]
Average CV score: 0.5916666666666666
 

Training ONE model... (LogisticRegression)
Best parameters:  {'logisticregression__C': 0.3727450701840918, 'logisticregression__penalty': 'l1'}
	F1: 0.7619047619047621

Testing...

Test Accuracy Score: 0.6153846153846154

Test F1 Score: 0.7058823529411765
 

Train labels: 
[1 1 0 1 0 1 0 0 1 1 1 1 0 0 0 0 0 1 1 1 0 1 1 1 1 1 0 1 0 0]
[1 1 0 1 1 0 1 1 1 1 1 1 1 1 0 1 0 1 1 1 1 1 1 1 1 1 0 1 1 1]

Test labels: 
[0 0 1 0 1 1 1 1 0 1 1 1 0]
[0 1 1 1 0 1 1 1 1 1 1 0 0]

Cross Validation:
[0.66666667 0.33333333 0.66666667 0.         1.         1.
 0.5        1.         1.         0.         0.5        0.5
 0.5        0.         0.5        1.         1.         1.
 0.5        1.        ]
Average CV score: 0.6333333333333333
 
